{
	"C:\\Users\\gbfra\\Documents\\pedidosinteligentes\\drizzle.config.ts": {
		"path": "C:\\Users\\gbfra\\Documents\\pedidosinteligentes\\drizzle.config.ts",
		"all": true,
		"statementMap": {
			"0": { "start": { "line": 1, "column": 0 }, "end": { "line": 1, "column": 43 } },
			"2": { "start": { "line": 3, "column": 0 }, "end": { "line": 3, "column": 74 } },
			"4": { "start": { "line": 5, "column": 0 }, "end": { "line": 5, "column": 29 } },
			"5": { "start": { "line": 6, "column": 0 }, "end": { "line": 6, "column": 28 } },
			"6": { "start": { "line": 7, "column": 0 }, "end": { "line": 7, "column": 40 } },
			"7": { "start": { "line": 8, "column": 0 }, "end": { "line": 8, "column": 23 } },
			"8": { "start": { "line": 9, "column": 0 }, "end": { "line": 9, "column": 17 } },
			"9": { "start": { "line": 10, "column": 0 }, "end": { "line": 10, "column": 32 } },
			"10": { "start": { "line": 11, "column": 0 }, "end": { "line": 11, "column": 68 } },
			"11": { "start": { "line": 12, "column": 0 }, "end": { "line": 12, "column": 3 } },
			"12": { "start": { "line": 13, "column": 0 }, "end": { "line": 13, "column": 15 } },
			"13": { "start": { "line": 14, "column": 0 }, "end": { "line": 14, "column": 13 } },
			"14": { "start": { "line": 15, "column": 0 }, "end": { "line": 15, "column": 3 } }
		},
		"s": {
			"0": 0,
			"2": 0,
			"4": 0,
			"5": 0,
			"6": 0,
			"7": 0,
			"8": 0,
			"9": 0,
			"10": 0,
			"11": 0,
			"12": 0,
			"13": 0,
			"14": 0
		},
		"branchMap": {
			"0": {
				"type": "branch",
				"line": 1,
				"loc": { "start": { "line": 1, "column": 402 }, "end": { "line": 15, "column": 3 } },
				"locations": [{ "start": { "line": 1, "column": 402 }, "end": { "line": 15, "column": 3 } }]
			}
		},
		"b": { "0": [0] },
		"fnMap": {
			"0": {
				"name": "(empty-report)",
				"decl": { "start": { "line": 1, "column": 402 }, "end": { "line": 15, "column": 3 } },
				"loc": { "start": { "line": 1, "column": 402 }, "end": { "line": 15, "column": 3 } },
				"line": 1
			}
		},
		"f": { "0": 0 }
	},
	"C:\\Users\\gbfra\\Documents\\pedidosinteligentes\\svelte.config.js": {
		"path": "C:\\Users\\gbfra\\Documents\\pedidosinteligentes\\svelte.config.js",
		"all": true,
		"statementMap": {
			"0": { "start": { "line": 1, "column": 0 }, "end": { "line": 1, "column": 45 } },
			"1": { "start": { "line": 2, "column": 0 }, "end": { "line": 2, "column": 62 } },
			"3": { "start": { "line": 4, "column": 0 }, "end": { "line": 4, "column": 45 } },
			"4": { "start": { "line": 5, "column": 0 }, "end": { "line": 5, "column": 16 } },
			"5": { "start": { "line": 6, "column": 0 }, "end": { "line": 6, "column": 30 } },
			"6": { "start": { "line": 7, "column": 0 }, "end": { "line": 7, "column": 28 } },
			"7": { "start": { "line": 8, "column": 0 }, "end": { "line": 8, "column": 2 } },
			"9": { "start": { "line": 10, "column": 0 }, "end": { "line": 10, "column": 22 } }
		},
		"s": { "0": 0, "1": 0, "3": 0, "4": 0, "5": 0, "6": 0, "7": 0, "9": 0 },
		"branchMap": {
			"0": {
				"type": "branch",
				"line": 1,
				"loc": { "start": { "line": 1, "column": 259 }, "end": { "line": 10, "column": 22 } },
				"locations": [
					{ "start": { "line": 1, "column": 259 }, "end": { "line": 10, "column": 22 } }
				]
			}
		},
		"b": { "0": [0] },
		"fnMap": {
			"0": {
				"name": "(empty-report)",
				"decl": { "start": { "line": 1, "column": 259 }, "end": { "line": 10, "column": 22 } },
				"loc": { "start": { "line": 1, "column": 259 }, "end": { "line": 10, "column": 22 } },
				"line": 1
			}
		},
		"f": { "0": 0 }
	},
	"C:\\Users\\gbfra\\Documents\\pedidosinteligentes\\vitest-setup-client.ts": {
		"path": "C:\\Users\\gbfra\\Documents\\pedidosinteligentes\\vitest-setup-client.ts",
		"all": true,
		"statementMap": {},
		"s": {},
		"branchMap": {
			"0": {
				"type": "branch",
				"line": 1,
				"loc": { "start": { "line": 1, "column": 113 }, "end": { "line": 2, "column": 62 } },
				"locations": [{ "start": { "line": 1, "column": 113 }, "end": { "line": 2, "column": 62 } }]
			}
		},
		"b": { "0": [1] },
		"fnMap": {
			"0": {
				"name": "(empty-report)",
				"decl": { "start": { "line": 1, "column": 113 }, "end": { "line": 2, "column": 62 } },
				"loc": { "start": { "line": 1, "column": 113 }, "end": { "line": 2, "column": 62 } },
				"line": 1
			}
		},
		"f": { "0": 1 }
	},
	"C:\\Users\\gbfra\\Documents\\pedidosinteligentes\\src\\lib\\database\\connection.ts": {
		"path": "C:\\Users\\gbfra\\Documents\\pedidosinteligentes\\src\\lib\\database\\connection.ts",
		"all": false,
		"statementMap": {
			"0": { "start": { "line": 1, "column": 0 }, "end": { "line": 1, "column": 43 } },
			"1": { "start": { "line": 2, "column": 0 }, "end": { "line": 2, "column": 50 } },
			"2": { "start": { "line": 3, "column": 0 }, "end": { "line": 3, "column": 32 } },
			"3": { "start": { "line": 4, "column": 0 }, "end": { "line": 4, "column": 35 } },
			"5": { "start": { "line": 6, "column": 0 }, "end": { "line": 6, "column": 66 } },
			"7": { "start": { "line": 8, "column": 0 }, "end": { "line": 8, "column": 53 } },
			"8": { "start": { "line": 9, "column": 0 }, "end": { "line": 9, "column": 60 } },
			"9": { "start": { "line": 10, "column": 0 }, "end": { "line": 10, "column": 19 } },
			"10": { "start": { "line": 11, "column": 0 }, "end": { "line": 11, "column": 3 } },
			"12": { "start": { "line": 13, "column": 0 }, "end": { "line": 13, "column": 46 } }
		},
		"s": { "0": 1, "1": 1, "2": 1, "3": 1, "5": 1, "7": 1, "8": 1, "9": 1, "10": 1, "12": 1 },
		"branchMap": {
			"0": {
				"type": "branch",
				"line": 6,
				"loc": { "start": { "line": 6, "column": 23 }, "end": { "line": 6, "column": 66 } },
				"locations": [{ "start": { "line": 6, "column": 23 }, "end": { "line": 6, "column": 66 } }]
			},
			"1": {
				"type": "branch",
				"line": 9,
				"loc": { "start": { "line": 9, "column": 23 }, "end": { "line": 9, "column": 50 } },
				"locations": [{ "start": { "line": 9, "column": 23 }, "end": { "line": 9, "column": 50 } }]
			},
			"2": {
				"type": "branch",
				"line": 10,
				"loc": { "start": { "line": 10, "column": 11 }, "end": { "line": 10, "column": 19 } },
				"locations": [
					{ "start": { "line": 10, "column": 11 }, "end": { "line": 10, "column": 19 } }
				]
			}
		},
		"b": { "0": [0], "1": [0], "2": [7] },
		"fnMap": {
			"0": {
				"name": "onnotice",
				"decl": { "start": { "line": 10, "column": 11 }, "end": { "line": 10, "column": 19 } },
				"loc": { "start": { "line": 10, "column": 11 }, "end": { "line": 10, "column": 19 } },
				"line": 10
			}
		},
		"f": { "0": 7 }
	},
	"C:\\Users\\gbfra\\Documents\\pedidosinteligentes\\src\\lib\\database\\migration.ts": {
		"path": "C:\\Users\\gbfra\\Documents\\pedidosinteligentes\\src\\lib\\database\\migration.ts",
		"all": false,
		"statementMap": {
			"0": { "start": { "line": 1, "column": 0 }, "end": { "line": 1, "column": 43 } },
			"1": { "start": { "line": 2, "column": 0 }, "end": { "line": 2, "column": 50 } },
			"2": { "start": { "line": 3, "column": 0 }, "end": { "line": 3, "column": 59 } },
			"3": { "start": { "line": 4, "column": 0 }, "end": { "line": 4, "column": 32 } },
			"4": { "start": { "line": 5, "column": 0 }, "end": { "line": 5, "column": 35 } },
			"6": { "start": { "line": 7, "column": 0 }, "end": { "line": 7, "column": 66 } },
			"8": { "start": { "line": 9, "column": 0 }, "end": { "line": 9, "column": 39 } },
			"9": { "start": { "line": 10, "column": 0 }, "end": { "line": 10, "column": 54 } },
			"10": { "start": { "line": 11, "column": 0 }, "end": { "line": 11, "column": 9 } },
			"11": { "start": { "line": 12, "column": 0 }, "end": { "line": 12, "column": 69 } },
			"12": { "start": { "line": 13, "column": 0 }, "end": { "line": 13, "column": 20 } },
			"13": { "start": { "line": 14, "column": 0 }, "end": { "line": 14, "column": 4 } },
			"15": { "start": { "line": 16, "column": 0 }, "end": { "line": 16, "column": 40 } },
			"16": { "start": { "line": 17, "column": 0 }, "end": { "line": 17, "column": 6 } },
			"17": { "start": { "line": 18, "column": 0 }, "end": { "line": 18, "column": 64 } },
			"18": { "start": { "line": 19, "column": 0 }, "end": { "line": 19, "column": 39 } },
			"19": { "start": { "line": 20, "column": 0 }, "end": { "line": 20, "column": 18 } },
			"20": { "start": { "line": 21, "column": 0 }, "end": { "line": 21, "column": 45 } },
			"21": { "start": { "line": 22, "column": 0 }, "end": { "line": 22, "column": 12 } },
			"22": { "start": { "line": 23, "column": 0 }, "end": { "line": 23, "column": 21 } },
			"23": { "start": { "line": 24, "column": 0 }, "end": { "line": 24, "column": 2 } },
			"24": { "start": { "line": 25, "column": 0 }, "end": { "line": 25, "column": 1 } },
			"26": { "start": { "line": 27, "column": 0 }, "end": { "line": 27, "column": 19 } },
			"27": { "start": { "line": 28, "column": 0 }, "end": { "line": 28, "column": 21 } },
			"28": { "start": { "line": 29, "column": 0 }, "end": { "line": 29, "column": 2 } },
			"30": { "start": { "line": 31, "column": 0 }, "end": { "line": 31, "column": 25 } }
		},
		"s": {
			"0": 1,
			"1": 1,
			"2": 1,
			"3": 1,
			"4": 1,
			"6": 1,
			"8": 7,
			"9": 7,
			"10": 7,
			"11": 7,
			"12": 7,
			"13": 7,
			"15": 7,
			"16": 7,
			"17": 7,
			"18": 7,
			"19": 7,
			"20": 0,
			"21": 0,
			"22": 7,
			"23": 7,
			"24": 7,
			"26": 1,
			"27": 1,
			"28": 1,
			"30": 1
		},
		"branchMap": {
			"0": {
				"type": "branch",
				"line": 7,
				"loc": { "start": { "line": 7, "column": 23 }, "end": { "line": 7, "column": 66 } },
				"locations": [{ "start": { "line": 7, "column": 23 }, "end": { "line": 7, "column": 66 } }]
			},
			"1": {
				"type": "branch",
				"line": 9,
				"loc": { "start": { "line": 9, "column": 0 }, "end": { "line": 25, "column": 1 } },
				"locations": [{ "start": { "line": 9, "column": 0 }, "end": { "line": 25, "column": 1 } }]
			},
			"2": {
				"type": "branch",
				"line": 12,
				"loc": { "start": { "line": 12, "column": 32 }, "end": { "line": 12, "column": 59 } },
				"locations": [
					{ "start": { "line": 12, "column": 32 }, "end": { "line": 12, "column": 59 } }
				]
			},
			"3": {
				"type": "branch",
				"line": 20,
				"loc": { "start": { "line": 20, "column": 1 }, "end": { "line": 22, "column": 12 } },
				"locations": [{ "start": { "line": 20, "column": 1 }, "end": { "line": 22, "column": 12 } }]
			},
			"4": {
				"type": "branch",
				"line": 13,
				"loc": { "start": { "line": 13, "column": 12 }, "end": { "line": 13, "column": 20 } },
				"locations": [
					{ "start": { "line": 13, "column": 12 }, "end": { "line": 13, "column": 20 } }
				]
			}
		},
		"b": { "0": [0], "1": [7], "2": [0], "3": [0], "4": [21] },
		"fnMap": {
			"0": {
				"name": "runPendingMigrations",
				"decl": { "start": { "line": 9, "column": 0 }, "end": { "line": 25, "column": 1 } },
				"loc": { "start": { "line": 9, "column": 0 }, "end": { "line": 25, "column": 1 } },
				"line": 9
			},
			"1": {
				"name": "onnotice",
				"decl": { "start": { "line": 13, "column": 12 }, "end": { "line": 13, "column": 20 } },
				"loc": { "start": { "line": 13, "column": 12 }, "end": { "line": 13, "column": 20 } },
				"line": 13
			}
		},
		"f": { "0": 7, "1": 21 }
	},
	"C:\\Users\\gbfra\\Documents\\pedidosinteligentes\\src\\lib\\database\\relations.ts": {
		"path": "C:\\Users\\gbfra\\Documents\\pedidosinteligentes\\src\\lib\\database\\relations.ts",
		"all": true,
		"statementMap": {
			"0": { "start": { "line": 1, "column": 0 }, "end": { "line": 1, "column": 26 } }
		},
		"s": { "0": 0 },
		"branchMap": {
			"0": {
				"type": "branch",
				"line": 1,
				"loc": { "start": { "line": 1, "column": 0 }, "end": { "line": 1, "column": 26 } },
				"locations": [{ "start": { "line": 1, "column": 0 }, "end": { "line": 1, "column": 26 } }]
			}
		},
		"b": { "0": [0] },
		"fnMap": {
			"0": {
				"name": "(empty-report)",
				"decl": { "start": { "line": 1, "column": 0 }, "end": { "line": 1, "column": 26 } },
				"loc": { "start": { "line": 1, "column": 0 }, "end": { "line": 1, "column": 26 } },
				"line": 1
			}
		},
		"f": { "0": 0 }
	},
	"C:\\Users\\gbfra\\Documents\\pedidosinteligentes\\src\\lib\\database\\schema.ts": {
		"path": "C:\\Users\\gbfra\\Documents\\pedidosinteligentes\\src\\lib\\database\\schema.ts",
		"all": false,
		"statementMap": {
			"0": { "start": { "line": 1, "column": 0 }, "end": { "line": 1, "column": 34 } },
			"1": { "start": { "line": 2, "column": 0 }, "end": { "line": 2, "column": 8 } },
			"13": { "start": { "line": 14, "column": 0 }, "end": { "line": 14, "column": 47 } },
			"14": { "start": { "line": 15, "column": 0 }, "end": { "line": 15, "column": 35 } },
			"15": { "start": { "line": 16, "column": 0 }, "end": { "line": 16, "column": 41 } },
			"16": { "start": { "line": 17, "column": 0 }, "end": { "line": 17, "column": 35 } },
			"17": { "start": { "line": 18, "column": 0 }, "end": { "line": 18, "column": 75 } },
			"18": { "start": { "line": 19, "column": 0 }, "end": { "line": 19, "column": 49 } },
			"19": { "start": { "line": 20, "column": 0 }, "end": { "line": 20, "column": 13 } },
			"20": { "start": { "line": 21, "column": 0 }, "end": { "line": 21, "column": 75 } },
			"21": { "start": { "line": 22, "column": 0 }, "end": { "line": 22, "column": 49 } },
			"22": { "start": { "line": 23, "column": 0 }, "end": { "line": 23, "column": 12 } },
			"23": { "start": { "line": 24, "column": 0 }, "end": { "line": 24, "column": 3 } },
			"25": { "start": { "line": 26, "column": 0 }, "end": { "line": 26, "column": 39 } },
			"26": { "start": { "line": 27, "column": 0 }, "end": { "line": 27, "column": 51 } },
			"27": { "start": { "line": 28, "column": 0 }, "end": { "line": 28, "column": 45 } },
			"28": { "start": { "line": 29, "column": 0 }, "end": { "line": 29, "column": 42 } },
			"29": { "start": { "line": 30, "column": 0 }, "end": { "line": 30, "column": 46 } },
			"30": { "start": { "line": 31, "column": 0 }, "end": { "line": 31, "column": 18 } },
			"31": { "start": { "line": 32, "column": 0 }, "end": { "line": 32, "column": 34 } },
			"32": { "start": { "line": 33, "column": 0 }, "end": { "line": 33, "column": 75 } },
			"33": { "start": { "line": 34, "column": 0 }, "end": { "line": 34, "column": 49 } },
			"34": { "start": { "line": 35, "column": 0 }, "end": { "line": 35, "column": 13 } },
			"35": { "start": { "line": 36, "column": 0 }, "end": { "line": 36, "column": 75 } },
			"36": { "start": { "line": 37, "column": 0 }, "end": { "line": 37, "column": 49 } },
			"37": { "start": { "line": 38, "column": 0 }, "end": { "line": 38, "column": 12 } },
			"38": { "start": { "line": 39, "column": 0 }, "end": { "line": 39, "column": 3 } },
			"40": { "start": { "line": 41, "column": 0 }, "end": { "line": 41, "column": 47 } },
			"41": { "start": { "line": 42, "column": 0 }, "end": { "line": 42, "column": 51 } },
			"42": { "start": { "line": 43, "column": 0 }, "end": { "line": 43, "column": 42 } },
			"43": { "start": { "line": 44, "column": 0 }, "end": { "line": 44, "column": 42 } },
			"44": { "start": { "line": 45, "column": 0 }, "end": { "line": 45, "column": 35 } },
			"45": { "start": { "line": 46, "column": 0 }, "end": { "line": 46, "column": 33 } },
			"46": { "start": { "line": 47, "column": 0 }, "end": { "line": 47, "column": 18 } },
			"47": { "start": { "line": 48, "column": 0 }, "end": { "line": 48, "column": 34 } },
			"48": { "start": { "line": 49, "column": 0 }, "end": { "line": 49, "column": 30 } },
			"49": { "start": { "line": 50, "column": 0 }, "end": { "line": 50, "column": 35 } },
			"50": { "start": { "line": 51, "column": 0 }, "end": { "line": 51, "column": 75 } },
			"51": { "start": { "line": 52, "column": 0 }, "end": { "line": 52, "column": 49 } },
			"52": { "start": { "line": 53, "column": 0 }, "end": { "line": 53, "column": 13 } },
			"53": { "start": { "line": 54, "column": 0 }, "end": { "line": 54, "column": 75 } },
			"54": { "start": { "line": 55, "column": 0 }, "end": { "line": 55, "column": 49 } },
			"55": { "start": { "line": 56, "column": 0 }, "end": { "line": 56, "column": 12 } },
			"56": { "start": { "line": 57, "column": 0 }, "end": { "line": 57, "column": 3 } },
			"58": { "start": { "line": 59, "column": 0 }, "end": { "line": 59, "column": 41 } },
			"59": { "start": { "line": 60, "column": 0 }, "end": { "line": 60, "column": 51 } },
			"60": { "start": { "line": 61, "column": 0 }, "end": { "line": 61, "column": 39 } },
			"61": { "start": { "line": 62, "column": 0 }, "end": { "line": 62, "column": 41 } },
			"62": { "start": { "line": 63, "column": 0 }, "end": { "line": 63, "column": 51 } },
			"63": { "start": { "line": 64, "column": 0 }, "end": { "line": 64, "column": 43 } },
			"64": { "start": { "line": 65, "column": 0 }, "end": { "line": 65, "column": 43 } },
			"65": { "start": { "line": 66, "column": 0 }, "end": { "line": 66, "column": 75 } },
			"66": { "start": { "line": 67, "column": 0 }, "end": { "line": 67, "column": 49 } },
			"67": { "start": { "line": 68, "column": 0 }, "end": { "line": 68, "column": 13 } },
			"68": { "start": { "line": 69, "column": 0 }, "end": { "line": 69, "column": 75 } },
			"69": { "start": { "line": 70, "column": 0 }, "end": { "line": 70, "column": 49 } },
			"70": { "start": { "line": 71, "column": 0 }, "end": { "line": 71, "column": 13 } },
			"71": { "start": { "line": 72, "column": 0 }, "end": { "line": 72, "column": 68 } },
			"72": { "start": { "line": 73, "column": 0 }, "end": { "line": 73, "column": 65 } },
			"73": { "start": { "line": 74, "column": 0 }, "end": { "line": 74, "column": 3 } },
			"75": { "start": { "line": 76, "column": 0 }, "end": { "line": 76, "column": 55 } },
			"76": { "start": { "line": 77, "column": 0 }, "end": { "line": 77, "column": 51 } },
			"77": { "start": { "line": 78, "column": 0 }, "end": { "line": 78, "column": 42 } },
			"78": { "start": { "line": 79, "column": 0 }, "end": { "line": 79, "column": 32 } },
			"79": { "start": { "line": 80, "column": 0 }, "end": { "line": 80, "column": 33 } },
			"80": { "start": { "line": 81, "column": 0 }, "end": { "line": 81, "column": 35 } },
			"81": { "start": { "line": 82, "column": 0 }, "end": { "line": 82, "column": 75 } },
			"82": { "start": { "line": 83, "column": 0 }, "end": { "line": 83, "column": 49 } },
			"83": { "start": { "line": 84, "column": 0 }, "end": { "line": 84, "column": 13 } },
			"84": { "start": { "line": 85, "column": 0 }, "end": { "line": 85, "column": 75 } },
			"85": { "start": { "line": 86, "column": 0 }, "end": { "line": 86, "column": 49 } },
			"86": { "start": { "line": 87, "column": 0 }, "end": { "line": 87, "column": 12 } },
			"87": { "start": { "line": 88, "column": 0 }, "end": { "line": 88, "column": 3 } },
			"89": { "start": { "line": 90, "column": 0 }, "end": { "line": 90, "column": 45 } },
			"90": { "start": { "line": 91, "column": 0 }, "end": { "line": 91, "column": 51 } },
			"91": { "start": { "line": 92, "column": 0 }, "end": { "line": 92, "column": 42 } },
			"92": { "start": { "line": 93, "column": 0 }, "end": { "line": 93, "column": 39 } },
			"93": { "start": { "line": 94, "column": 0 }, "end": { "line": 94, "column": 54 } },
			"94": { "start": { "line": 95, "column": 0 }, "end": { "line": 95, "column": 60 } },
			"95": { "start": { "line": 96, "column": 0 }, "end": { "line": 96, "column": 32 } },
			"96": { "start": { "line": 97, "column": 0 }, "end": { "line": 97, "column": 35 } },
			"97": { "start": { "line": 98, "column": 0 }, "end": { "line": 98, "column": 43 } },
			"98": { "start": { "line": 99, "column": 0 }, "end": { "line": 99, "column": 75 } },
			"99": { "start": { "line": 100, "column": 0 }, "end": { "line": 100, "column": 49 } },
			"100": { "start": { "line": 101, "column": 0 }, "end": { "line": 101, "column": 13 } },
			"101": { "start": { "line": 102, "column": 0 }, "end": { "line": 102, "column": 75 } },
			"102": { "start": { "line": 103, "column": 0 }, "end": { "line": 103, "column": 49 } },
			"103": { "start": { "line": 104, "column": 0 }, "end": { "line": 104, "column": 12 } },
			"104": { "start": { "line": 105, "column": 0 }, "end": { "line": 105, "column": 3 } },
			"106": { "start": { "line": 107, "column": 0 }, "end": { "line": 107, "column": 45 } },
			"107": { "start": { "line": 108, "column": 0 }, "end": { "line": 108, "column": 51 } },
			"108": { "start": { "line": 109, "column": 0 }, "end": { "line": 109, "column": 43 } },
			"109": { "start": { "line": 110, "column": 0 }, "end": { "line": 110, "column": 35 } },
			"110": { "start": { "line": 111, "column": 0 }, "end": { "line": 111, "column": 73 } },
			"111": { "start": { "line": 112, "column": 0 }, "end": { "line": 112, "column": 49 } },
			"112": { "start": { "line": 113, "column": 0 }, "end": { "line": 113, "column": 13 } },
			"113": { "start": { "line": 114, "column": 0 }, "end": { "line": 114, "column": 75 } },
			"114": { "start": { "line": 115, "column": 0 }, "end": { "line": 115, "column": 49 } },
			"115": { "start": { "line": 116, "column": 0 }, "end": { "line": 116, "column": 13 } },
			"116": { "start": { "line": 117, "column": 0 }, "end": { "line": 117, "column": 75 } },
			"117": { "start": { "line": 118, "column": 0 }, "end": { "line": 118, "column": 49 } },
			"118": { "start": { "line": 119, "column": 0 }, "end": { "line": 119, "column": 12 } },
			"119": { "start": { "line": 120, "column": 0 }, "end": { "line": 120, "column": 3 } },
			"121": { "start": { "line": 122, "column": 0 }, "end": { "line": 122, "column": 46 } },
			"122": { "start": { "line": 123, "column": 0 }, "end": { "line": 123, "column": 28 } },
			"123": { "start": { "line": 124, "column": 0 }, "end": { "line": 124, "column": 2 } },
			"124": { "start": { "line": 125, "column": 0 }, "end": { "line": 125, "column": 28 } },
			"125": { "start": { "line": 126, "column": 0 }, "end": { "line": 126, "column": 32 } },
			"126": { "start": { "line": 127, "column": 0 }, "end": { "line": 127, "column": 3 } },
			"127": { "start": { "line": 128, "column": 0 }, "end": { "line": 128, "column": 13 } },
			"128": { "start": { "line": 129, "column": 0 }, "end": { "line": 129, "column": 14 } },
			"129": { "start": { "line": 130, "column": 0 }, "end": { "line": 130, "column": 48 } },
			"130": { "start": { "line": 131, "column": 0 }, "end": { "line": 131, "column": 38 } },
			"131": { "start": { "line": 132, "column": 0 }, "end": { "line": 132, "column": 4 } },
			"132": { "start": { "line": 133, "column": 0 }, "end": { "line": 133, "column": 2 } },
			"133": { "start": { "line": 134, "column": 0 }, "end": { "line": 134, "column": 2 } }
		},
		"s": {
			"0": 1,
			"1": 1,
			"13": 1,
			"14": 1,
			"15": 1,
			"16": 1,
			"17": 1,
			"18": 1,
			"19": 1,
			"20": 1,
			"21": 1,
			"22": 1,
			"23": 1,
			"25": 1,
			"26": 1,
			"27": 1,
			"28": 1,
			"29": 1,
			"30": 1,
			"31": 1,
			"32": 1,
			"33": 1,
			"34": 1,
			"35": 1,
			"36": 1,
			"37": 1,
			"38": 1,
			"40": 1,
			"41": 1,
			"42": 1,
			"43": 1,
			"44": 1,
			"45": 1,
			"46": 1,
			"47": 1,
			"48": 1,
			"49": 1,
			"50": 1,
			"51": 1,
			"52": 1,
			"53": 1,
			"54": 1,
			"55": 1,
			"56": 1,
			"58": 1,
			"59": 1,
			"60": 1,
			"61": 1,
			"62": 1,
			"63": 1,
			"64": 1,
			"65": 1,
			"66": 1,
			"67": 1,
			"68": 1,
			"69": 1,
			"70": 1,
			"71": 1,
			"72": 1,
			"73": 1,
			"75": 1,
			"76": 1,
			"77": 1,
			"78": 1,
			"79": 1,
			"80": 1,
			"81": 1,
			"82": 1,
			"83": 1,
			"84": 1,
			"85": 1,
			"86": 1,
			"87": 1,
			"89": 1,
			"90": 1,
			"91": 1,
			"92": 1,
			"93": 1,
			"94": 1,
			"95": 1,
			"96": 1,
			"97": 1,
			"98": 1,
			"99": 1,
			"100": 1,
			"101": 1,
			"102": 1,
			"103": 1,
			"104": 1,
			"106": 1,
			"107": 1,
			"108": 1,
			"109": 1,
			"110": 1,
			"111": 1,
			"112": 1,
			"113": 1,
			"114": 1,
			"115": 1,
			"116": 1,
			"117": 1,
			"118": 1,
			"119": 1,
			"121": 1,
			"122": 1,
			"123": 1,
			"124": 1,
			"125": 1,
			"126": 1,
			"127": 1,
			"128": 15,
			"129": 15,
			"130": 15,
			"131": 15,
			"132": 15,
			"133": 1
		},
		"branchMap": {
			"0": {
				"type": "branch",
				"line": 128,
				"loc": { "start": { "line": 128, "column": 1 }, "end": { "line": 133, "column": 2 } },
				"locations": [
					{ "start": { "line": 128, "column": 1 }, "end": { "line": 133, "column": 2 } }
				]
			}
		},
		"b": { "0": [15] },
		"fnMap": {},
		"f": {}
	},
	"C:\\Users\\gbfra\\Documents\\pedidosinteligentes\\src\\lib\\database\\utils.ts": {
		"path": "C:\\Users\\gbfra\\Documents\\pedidosinteligentes\\src\\lib\\database\\utils.ts",
		"all": false,
		"statementMap": {
			"0": { "start": { "line": 1, "column": 0 }, "end": { "line": 1, "column": 58 } },
			"2": { "start": { "line": 3, "column": 0 }, "end": { "line": 3, "column": 42 } },
			"3": { "start": { "line": 4, "column": 0 }, "end": { "line": 4, "column": 38 } },
			"4": { "start": { "line": 5, "column": 0 }, "end": { "line": 5, "column": 2 } },
			"6": { "start": { "line": 7, "column": 0 }, "end": { "line": 7, "column": 45 } },
			"7": { "start": { "line": 8, "column": 0 }, "end": { "line": 8, "column": 41 } },
			"8": { "start": { "line": 9, "column": 0 }, "end": { "line": 9, "column": 2 } },
			"10": { "start": { "line": 11, "column": 0 }, "end": { "line": 11, "column": 57 } },
			"11": { "start": { "line": 12, "column": 0 }, "end": { "line": 12, "column": 66 } },
			"12": { "start": { "line": 13, "column": 0 }, "end": { "line": 13, "column": 2 } },
			"14": { "start": { "line": 15, "column": 0 }, "end": { "line": 15, "column": 60 } },
			"15": { "start": { "line": 16, "column": 0 }, "end": { "line": 16, "column": 34 } },
			"16": { "start": { "line": 17, "column": 0 }, "end": { "line": 17, "column": 2 } }
		},
		"s": {
			"0": 1,
			"2": 1,
			"3": 28,
			"4": 28,
			"6": 1,
			"7": 0,
			"8": 0,
			"10": 1,
			"11": 0,
			"12": 0,
			"14": 1,
			"15": 0,
			"16": 0
		},
		"branchMap": {
			"0": {
				"type": "branch",
				"line": 3,
				"loc": { "start": { "line": 3, "column": 21 }, "end": { "line": 5, "column": 2 } },
				"locations": [{ "start": { "line": 3, "column": 21 }, "end": { "line": 5, "column": 2 } }]
			}
		},
		"b": { "0": [28] },
		"fnMap": {
			"0": {
				"name": "lower",
				"decl": { "start": { "line": 3, "column": 21 }, "end": { "line": 5, "column": 2 } },
				"loc": { "start": { "line": 3, "column": 21 }, "end": { "line": 5, "column": 2 } },
				"line": 3
			},
			"1": {
				"name": "unaccent",
				"decl": { "start": { "line": 7, "column": 24 }, "end": { "line": 9, "column": 2 } },
				"loc": { "start": { "line": 7, "column": 24 }, "end": { "line": 9, "column": 2 } },
				"line": 7
			},
			"2": {
				"name": "ulike",
				"decl": { "start": { "line": 11, "column": 21 }, "end": { "line": 13, "column": 2 } },
				"loc": { "start": { "line": 11, "column": 21 }, "end": { "line": 13, "column": 2 } },
				"line": 11
			},
			"3": {
				"name": "increment",
				"decl": { "start": { "line": 15, "column": 25 }, "end": { "line": 17, "column": 2 } },
				"loc": { "start": { "line": 15, "column": 25 }, "end": { "line": 17, "column": 2 } },
				"line": 15
			}
		},
		"f": { "0": 28, "1": 0, "2": 0, "3": 0 }
	},
	"C:\\Users\\gbfra\\Documents\\pedidosinteligentes\\src\\lib\\infra\\errors.ts": {
		"path": "C:\\Users\\gbfra\\Documents\\pedidosinteligentes\\src\\lib\\infra\\errors.ts",
		"all": false,
		"statementMap": {
			"8": { "start": { "line": 9, "column": 0 }, "end": { "line": 9, "column": 48 } },
			"9": { "start": { "line": 10, "column": 0 }, "end": { "line": 10, "column": 20 } },
			"10": { "start": { "line": 11, "column": 0 }, "end": { "line": 11, "column": 16 } },
			"12": { "start": { "line": 13, "column": 0 }, "end": { "line": 13, "column": 48 } },
			"13": { "start": { "line": 14, "column": 0 }, "end": { "line": 14, "column": 52 } },
			"14": { "start": { "line": 15, "column": 0 }, "end": { "line": 15, "column": 8 } },
			"15": { "start": { "line": 16, "column": 0 }, "end": { "line": 16, "column": 5 } },
			"16": { "start": { "line": 17, "column": 0 }, "end": { "line": 17, "column": 36 } },
			"17": { "start": { "line": 18, "column": 0 }, "end": { "line": 18, "column": 49 } },
			"18": { "start": { "line": 19, "column": 0 }, "end": { "line": 19, "column": 38 } },
			"19": { "start": { "line": 20, "column": 0 }, "end": { "line": 20, "column": 2 } },
			"21": { "start": { "line": 22, "column": 0 }, "end": { "line": 22, "column": 11 } },
			"22": { "start": { "line": 23, "column": 0 }, "end": { "line": 23, "column": 10 } },
			"23": { "start": { "line": 24, "column": 0 }, "end": { "line": 24, "column": 19 } },
			"24": { "start": { "line": 25, "column": 0 }, "end": { "line": 25, "column": 25 } },
			"25": { "start": { "line": 26, "column": 0 }, "end": { "line": 26, "column": 23 } },
			"26": { "start": { "line": 27, "column": 0 }, "end": { "line": 27, "column": 31 } },
			"27": { "start": { "line": 28, "column": 0 }, "end": { "line": 28, "column": 4 } },
			"28": { "start": { "line": 29, "column": 0 }, "end": { "line": 29, "column": 2 } },
			"29": { "start": { "line": 30, "column": 0 }, "end": { "line": 30, "column": 1 } },
			"31": { "start": { "line": 32, "column": 0 }, "end": { "line": 32, "column": 41 } },
			"32": { "start": { "line": 33, "column": 0 }, "end": { "line": 33, "column": 20 } },
			"33": { "start": { "line": 34, "column": 0 }, "end": { "line": 34, "column": 16 } },
			"35": { "start": { "line": 36, "column": 0 }, "end": { "line": 36, "column": 45 } },
			"36": { "start": { "line": 37, "column": 0 }, "end": { "line": 37, "column": 56 } },
			"37": { "start": { "line": 38, "column": 0 }, "end": { "line": 38, "column": 8 } },
			"38": { "start": { "line": 39, "column": 0 }, "end": { "line": 39, "column": 5 } },
			"39": { "start": { "line": 40, "column": 0 }, "end": { "line": 40, "column": 29 } },
			"40": { "start": { "line": 41, "column": 0 }, "end": { "line": 41, "column": 58 } },
			"41": { "start": { "line": 42, "column": 0 }, "end": { "line": 42, "column": 24 } },
			"42": { "start": { "line": 43, "column": 0 }, "end": { "line": 43, "column": 2 } },
			"44": { "start": { "line": 45, "column": 0 }, "end": { "line": 45, "column": 11 } },
			"45": { "start": { "line": 46, "column": 0 }, "end": { "line": 46, "column": 10 } },
			"46": { "start": { "line": 47, "column": 0 }, "end": { "line": 47, "column": 19 } },
			"47": { "start": { "line": 48, "column": 0 }, "end": { "line": 48, "column": 25 } },
			"48": { "start": { "line": 49, "column": 0 }, "end": { "line": 49, "column": 23 } },
			"49": { "start": { "line": 50, "column": 0 }, "end": { "line": 50, "column": 31 } },
			"50": { "start": { "line": 51, "column": 0 }, "end": { "line": 51, "column": 4 } },
			"51": { "start": { "line": 52, "column": 0 }, "end": { "line": 52, "column": 2 } },
			"52": { "start": { "line": 53, "column": 0 }, "end": { "line": 53, "column": 1 } },
			"54": { "start": { "line": 55, "column": 0 }, "end": { "line": 55, "column": 44 } },
			"55": { "start": { "line": 56, "column": 0 }, "end": { "line": 56, "column": 21 } },
			"56": { "start": { "line": 57, "column": 0 }, "end": { "line": 57, "column": 20 } },
			"57": { "start": { "line": 58, "column": 0 }, "end": { "line": 58, "column": 16 } },
			"59": { "start": { "line": 60, "column": 0 }, "end": { "line": 60, "column": 66 } },
			"60": { "start": { "line": 61, "column": 0 }, "end": { "line": 61, "column": 53 } },
			"61": { "start": { "line": 62, "column": 0 }, "end": { "line": 62, "column": 8 } },
			"62": { "start": { "line": 63, "column": 0 }, "end": { "line": 63, "column": 5 } },
			"63": { "start": { "line": 64, "column": 0 }, "end": { "line": 64, "column": 32 } },
			"64": { "start": { "line": 65, "column": 0 }, "end": { "line": 65, "column": 43 } },
			"65": { "start": { "line": 66, "column": 0 }, "end": { "line": 66, "column": 75 } },
			"66": { "start": { "line": 67, "column": 0 }, "end": { "line": 67, "column": 24 } },
			"67": { "start": { "line": 68, "column": 0 }, "end": { "line": 68, "column": 2 } },
			"69": { "start": { "line": 70, "column": 0 }, "end": { "line": 70, "column": 11 } },
			"70": { "start": { "line": 71, "column": 0 }, "end": { "line": 71, "column": 10 } },
			"71": { "start": { "line": 72, "column": 0 }, "end": { "line": 72, "column": 19 } },
			"72": { "start": { "line": 73, "column": 0 }, "end": { "line": 73, "column": 25 } },
			"73": { "start": { "line": 74, "column": 0 }, "end": { "line": 74, "column": 33 } },
			"74": { "start": { "line": 75, "column": 0 }, "end": { "line": 75, "column": 23 } },
			"75": { "start": { "line": 76, "column": 0 }, "end": { "line": 76, "column": 31 } },
			"76": { "start": { "line": 77, "column": 0 }, "end": { "line": 77, "column": 4 } },
			"77": { "start": { "line": 78, "column": 0 }, "end": { "line": 78, "column": 2 } },
			"78": { "start": { "line": 79, "column": 0 }, "end": { "line": 79, "column": 1 } },
			"80": { "start": { "line": 81, "column": 0 }, "end": { "line": 81, "column": 42 } },
			"81": { "start": { "line": 82, "column": 0 }, "end": { "line": 82, "column": 20 } },
			"82": { "start": { "line": 83, "column": 0 }, "end": { "line": 83, "column": 16 } },
			"84": { "start": { "line": 85, "column": 0 }, "end": { "line": 85, "column": 53 } },
			"85": { "start": { "line": 86, "column": 0 }, "end": { "line": 86, "column": 75 } },
			"86": { "start": { "line": 87, "column": 0 }, "end": { "line": 87, "column": 8 } },
			"87": { "start": { "line": 88, "column": 0 }, "end": { "line": 88, "column": 5 } },
			"88": { "start": { "line": 89, "column": 0 }, "end": { "line": 89, "column": 30 } },
			"89": { "start": { "line": 90, "column": 0 }, "end": { "line": 90, "column": 90 } },
			"90": { "start": { "line": 91, "column": 0 }, "end": { "line": 91, "column": 24 } },
			"91": { "start": { "line": 92, "column": 0 }, "end": { "line": 92, "column": 2 } },
			"93": { "start": { "line": 94, "column": 0 }, "end": { "line": 94, "column": 11 } },
			"94": { "start": { "line": 95, "column": 0 }, "end": { "line": 95, "column": 10 } },
			"95": { "start": { "line": 96, "column": 0 }, "end": { "line": 96, "column": 19 } },
			"96": { "start": { "line": 97, "column": 0 }, "end": { "line": 97, "column": 25 } },
			"97": { "start": { "line": 98, "column": 0 }, "end": { "line": 98, "column": 23 } },
			"98": { "start": { "line": 99, "column": 0 }, "end": { "line": 99, "column": 31 } },
			"99": { "start": { "line": 100, "column": 0 }, "end": { "line": 100, "column": 4 } },
			"100": { "start": { "line": 101, "column": 0 }, "end": { "line": 101, "column": 2 } },
			"101": { "start": { "line": 102, "column": 0 }, "end": { "line": 102, "column": 1 } },
			"103": { "start": { "line": 104, "column": 0 }, "end": { "line": 104, "column": 46 } },
			"104": { "start": { "line": 105, "column": 0 }, "end": { "line": 105, "column": 20 } },
			"105": { "start": { "line": 106, "column": 0 }, "end": { "line": 106, "column": 16 } },
			"107": { "start": { "line": 108, "column": 0 }, "end": { "line": 108, "column": 53 } },
			"108": { "start": { "line": 109, "column": 0 }, "end": { "line": 109, "column": 45 } },
			"109": { "start": { "line": 110, "column": 0 }, "end": { "line": 110, "column": 8 } },
			"110": { "start": { "line": 111, "column": 0 }, "end": { "line": 111, "column": 5 } },
			"111": { "start": { "line": 112, "column": 0 }, "end": { "line": 112, "column": 34 } },
			"112": { "start": { "line": 113, "column": 0 }, "end": { "line": 113, "column": 72 } },
			"113": { "start": { "line": 114, "column": 0 }, "end": { "line": 114, "column": 24 } },
			"114": { "start": { "line": 115, "column": 0 }, "end": { "line": 115, "column": 2 } },
			"116": { "start": { "line": 117, "column": 0 }, "end": { "line": 117, "column": 11 } },
			"117": { "start": { "line": 118, "column": 0 }, "end": { "line": 118, "column": 10 } },
			"118": { "start": { "line": 119, "column": 0 }, "end": { "line": 119, "column": 19 } },
			"119": { "start": { "line": 120, "column": 0 }, "end": { "line": 120, "column": 25 } },
			"120": { "start": { "line": 121, "column": 0 }, "end": { "line": 121, "column": 23 } },
			"121": { "start": { "line": 122, "column": 0 }, "end": { "line": 122, "column": 31 } },
			"122": { "start": { "line": 123, "column": 0 }, "end": { "line": 123, "column": 4 } },
			"123": { "start": { "line": 124, "column": 0 }, "end": { "line": 124, "column": 2 } },
			"124": { "start": { "line": 125, "column": 0 }, "end": { "line": 125, "column": 1 } }
		},
		"s": {
			"8": 1,
			"9": 0,
			"10": 0,
			"12": 0,
			"13": 0,
			"14": 0,
			"15": 0,
			"16": 0,
			"17": 0,
			"18": 0,
			"19": 0,
			"21": 0,
			"22": 0,
			"23": 0,
			"24": 0,
			"25": 0,
			"26": 0,
			"27": 0,
			"28": 0,
			"29": 0,
			"31": 1,
			"32": 0,
			"33": 0,
			"35": 0,
			"36": 0,
			"37": 0,
			"38": 0,
			"39": 0,
			"40": 0,
			"41": 0,
			"42": 0,
			"44": 0,
			"45": 0,
			"46": 0,
			"47": 0,
			"48": 0,
			"49": 0,
			"50": 0,
			"51": 0,
			"52": 0,
			"54": 1,
			"55": 0,
			"56": 0,
			"57": 0,
			"59": 0,
			"60": 0,
			"61": 0,
			"62": 0,
			"63": 0,
			"64": 0,
			"65": 0,
			"66": 0,
			"67": 0,
			"69": 0,
			"70": 0,
			"71": 0,
			"72": 0,
			"73": 0,
			"74": 0,
			"75": 0,
			"76": 0,
			"77": 0,
			"78": 0,
			"80": 1,
			"81": 28,
			"82": 28,
			"84": 28,
			"85": 28,
			"86": 28,
			"87": 28,
			"88": 28,
			"89": 28,
			"90": 28,
			"91": 28,
			"93": 28,
			"94": 0,
			"95": 0,
			"96": 0,
			"97": 0,
			"98": 0,
			"99": 0,
			"100": 0,
			"101": 28,
			"103": 1,
			"104": 0,
			"105": 0,
			"107": 0,
			"108": 0,
			"109": 0,
			"110": 0,
			"111": 0,
			"112": 0,
			"113": 0,
			"114": 0,
			"116": 0,
			"117": 0,
			"118": 0,
			"119": 0,
			"120": 0,
			"121": 0,
			"122": 0,
			"123": 0,
			"124": 0
		},
		"branchMap": {
			"0": {
				"type": "branch",
				"line": 81,
				"loc": { "start": { "line": 81, "column": 41 }, "end": { "line": 102, "column": 1 } },
				"locations": [
					{ "start": { "line": 81, "column": 41 }, "end": { "line": 102, "column": 1 } }
				]
			},
			"1": {
				"type": "branch",
				"line": 85,
				"loc": { "start": { "line": 85, "column": 1 }, "end": { "line": 92, "column": 2 } },
				"locations": [{ "start": { "line": 85, "column": 1 }, "end": { "line": 92, "column": 2 } }]
			},
			"2": {
				"type": "branch",
				"line": 86,
				"loc": { "start": { "line": 86, "column": 8 }, "end": { "line": 86, "column": 74 } },
				"locations": [{ "start": { "line": 86, "column": 8 }, "end": { "line": 86, "column": 74 } }]
			},
			"3": {
				"type": "branch",
				"line": 90,
				"loc": { "start": { "line": 90, "column": 16 }, "end": { "line": 90, "column": 90 } },
				"locations": [
					{ "start": { "line": 90, "column": 16 }, "end": { "line": 90, "column": 90 } }
				]
			}
		},
		"b": { "0": [28], "1": [28], "2": [0], "3": [0] },
		"fnMap": {
			"0": {
				"name": "<instance_members_initializer>",
				"decl": { "start": { "line": 9, "column": 47 }, "end": { "line": 30, "column": 1 } },
				"loc": { "start": { "line": 9, "column": 47 }, "end": { "line": 30, "column": 1 } },
				"line": 9
			},
			"1": {
				"name": "<instance_members_initializer>",
				"decl": { "start": { "line": 32, "column": 40 }, "end": { "line": 53, "column": 1 } },
				"loc": { "start": { "line": 32, "column": 40 }, "end": { "line": 53, "column": 1 } },
				"line": 32
			},
			"2": {
				"name": "<instance_members_initializer>",
				"decl": { "start": { "line": 55, "column": 43 }, "end": { "line": 79, "column": 1 } },
				"loc": { "start": { "line": 55, "column": 43 }, "end": { "line": 79, "column": 1 } },
				"line": 55
			},
			"3": {
				"name": "<instance_members_initializer>",
				"decl": { "start": { "line": 81, "column": 41 }, "end": { "line": 102, "column": 1 } },
				"loc": { "start": { "line": 81, "column": 41 }, "end": { "line": 102, "column": 1 } },
				"line": 81
			},
			"4": {
				"name": "NotFoundError",
				"decl": { "start": { "line": 85, "column": 1 }, "end": { "line": 92, "column": 2 } },
				"loc": { "start": { "line": 85, "column": 1 }, "end": { "line": 92, "column": 2 } },
				"line": 85
			},
			"5": {
				"name": "toJSON",
				"decl": { "start": { "line": 94, "column": 1 }, "end": { "line": 101, "column": 2 } },
				"loc": { "start": { "line": 94, "column": 1 }, "end": { "line": 101, "column": 2 } },
				"line": 94
			},
			"6": {
				"name": "<instance_members_initializer>",
				"decl": { "start": { "line": 104, "column": 45 }, "end": { "line": 125, "column": 1 } },
				"loc": { "start": { "line": 104, "column": 45 }, "end": { "line": 125, "column": 1 } },
				"line": 104
			}
		},
		"f": { "0": 0, "1": 0, "2": 0, "3": 28, "4": 28, "5": 0, "6": 0 }
	},
	"C:\\Users\\gbfra\\Documents\\pedidosinteligentes\\src\\lib\\interfaces\\instance.ts": {
		"path": "C:\\Users\\gbfra\\Documents\\pedidosinteligentes\\src\\lib\\interfaces\\instance.ts",
		"all": true,
		"statementMap": {},
		"s": {},
		"branchMap": {
			"0": {
				"type": "branch",
				"line": 1,
				"loc": { "start": { "line": 1, "column": 1005 }, "end": { "line": 50, "column": 1 } },
				"locations": [
					{ "start": { "line": 1, "column": 1005 }, "end": { "line": 50, "column": 1 } }
				]
			}
		},
		"b": { "0": [1] },
		"fnMap": {
			"0": {
				"name": "(empty-report)",
				"decl": { "start": { "line": 1, "column": 1005 }, "end": { "line": 50, "column": 1 } },
				"loc": { "start": { "line": 1, "column": 1005 }, "end": { "line": 50, "column": 1 } },
				"line": 1
			}
		},
		"f": { "0": 1 }
	},
	"C:\\Users\\gbfra\\Documents\\pedidosinteligentes\\src\\lib\\model\\auth.ts": {
		"path": "C:\\Users\\gbfra\\Documents\\pedidosinteligentes\\src\\lib\\model\\auth.ts",
		"all": true,
		"statementMap": {
			"0": { "start": { "line": 1, "column": 0 }, "end": { "line": 1, "column": 75 } },
			"1": { "start": { "line": 2, "column": 0 }, "end": { "line": 2, "column": 43 } },
			"2": { "start": { "line": 3, "column": 0 }, "end": { "line": 3, "column": 35 } },
			"4": { "start": { "line": 5, "column": 0 }, "end": { "line": 5, "column": 70 } },
			"5": { "start": { "line": 6, "column": 0 }, "end": { "line": 6, "column": 6 } },
			"6": { "start": { "line": 7, "column": 0 }, "end": { "line": 7, "column": 54 } },
			"7": { "start": { "line": 8, "column": 0 }, "end": { "line": 8, "column": 56 } },
			"8": { "start": { "line": 9, "column": 0 }, "end": { "line": 9, "column": 20 } },
			"9": { "start": { "line": 10, "column": 0 }, "end": { "line": 10, "column": 18 } },
			"10": { "start": { "line": 11, "column": 0 }, "end": { "line": 11, "column": 43 } },
			"11": { "start": { "line": 12, "column": 0 }, "end": { "line": 12, "column": 32 } },
			"12": { "start": { "line": 13, "column": 0 }, "end": { "line": 13, "column": 37 } },
			"13": { "start": { "line": 14, "column": 0 }, "end": { "line": 14, "column": 57 } },
			"14": { "start": { "line": 15, "column": 0 }, "end": { "line": 15, "column": 6 } },
			"15": { "start": { "line": 16, "column": 0 }, "end": { "line": 16, "column": 3 } },
			"16": { "start": { "line": 17, "column": 0 }, "end": { "line": 17, "column": 14 } },
			"17": { "start": { "line": 18, "column": 0 }, "end": { "line": 18, "column": 2 } },
			"18": { "start": { "line": 19, "column": 0 }, "end": { "line": 19, "column": 1 } },
			"20": { "start": { "line": 21, "column": 0 }, "end": { "line": 21, "column": 89 } },
			"21": { "start": { "line": 22, "column": 0 }, "end": { "line": 22, "column": 6 } },
			"22": { "start": { "line": 23, "column": 0 }, "end": { "line": 23, "column": 88 } },
			"23": { "start": { "line": 24, "column": 0 }, "end": { "line": 24, "column": 25 } },
			"24": { "start": { "line": 25, "column": 0 }, "end": { "line": 25, "column": 32 } },
			"25": { "start": { "line": 26, "column": 0 }, "end": { "line": 26, "column": 30 } },
			"26": { "start": { "line": 27, "column": 0 }, "end": { "line": 27, "column": 48 } },
			"27": { "start": { "line": 28, "column": 0 }, "end": { "line": 28, "column": 6 } },
			"28": { "start": { "line": 29, "column": 0 }, "end": { "line": 29, "column": 3 } },
			"29": { "start": { "line": 30, "column": 0 }, "end": { "line": 30, "column": 18 } },
			"30": { "start": { "line": 31, "column": 0 }, "end": { "line": 31, "column": 43 } },
			"31": { "start": { "line": 32, "column": 0 }, "end": { "line": 32, "column": 15 } },
			"32": { "start": { "line": 33, "column": 0 }, "end": { "line": 33, "column": 3 } },
			"33": { "start": { "line": 34, "column": 0 }, "end": { "line": 34, "column": 33 } },
			"34": { "start": { "line": 35, "column": 0 }, "end": { "line": 35, "column": 24 } },
			"35": { "start": { "line": 36, "column": 0 }, "end": { "line": 36, "column": 5 } },
			"36": { "start": { "line": 37, "column": 0 }, "end": { "line": 37, "column": 2 } },
			"37": { "start": { "line": 38, "column": 0 }, "end": { "line": 38, "column": 1 } },
			"39": { "start": { "line": 40, "column": 0 }, "end": { "line": 40, "column": 14 } },
			"40": { "start": { "line": 41, "column": 0 }, "end": { "line": 41, "column": 21 } },
			"41": { "start": { "line": 42, "column": 0 }, "end": { "line": 42, "column": 2 } },
			"43": { "start": { "line": 44, "column": 0 }, "end": { "line": 44, "column": 20 } }
		},
		"s": {
			"0": 0,
			"1": 0,
			"2": 0,
			"4": 0,
			"5": 0,
			"6": 0,
			"7": 0,
			"8": 0,
			"9": 0,
			"10": 0,
			"11": 0,
			"12": 0,
			"13": 0,
			"14": 0,
			"15": 0,
			"16": 0,
			"17": 0,
			"18": 0,
			"20": 0,
			"21": 0,
			"22": 0,
			"23": 0,
			"24": 0,
			"25": 0,
			"26": 0,
			"27": 0,
			"28": 0,
			"29": 0,
			"30": 0,
			"31": 0,
			"32": 0,
			"33": 0,
			"34": 0,
			"35": 0,
			"36": 0,
			"37": 0,
			"39": 0,
			"40": 0,
			"41": 0,
			"43": 0
		},
		"branchMap": {
			"0": {
				"type": "branch",
				"line": 1,
				"loc": { "start": { "line": 1, "column": 1143 }, "end": { "line": 44, "column": 20 } },
				"locations": [
					{ "start": { "line": 1, "column": 1143 }, "end": { "line": 44, "column": 20 } }
				]
			}
		},
		"b": { "0": [0] },
		"fnMap": {
			"0": {
				"name": "(empty-report)",
				"decl": { "start": { "line": 1, "column": 1143 }, "end": { "line": 44, "column": 20 } },
				"loc": { "start": { "line": 1, "column": 1143 }, "end": { "line": 44, "column": 20 } },
				"line": 1
			}
		},
		"f": { "0": 0 }
	},
	"C:\\Users\\gbfra\\Documents\\pedidosinteligentes\\src\\lib\\model\\password.ts": {
		"path": "C:\\Users\\gbfra\\Documents\\pedidosinteligentes\\src\\lib\\model\\password.ts",
		"all": false,
		"statementMap": {
			"0": { "start": { "line": 1, "column": 0 }, "end": { "line": 1, "column": 28 } },
			"2": { "start": { "line": 3, "column": 0 }, "end": { "line": 3, "column": 24 } },
			"3": { "start": { "line": 4, "column": 0 }, "end": { "line": 4, "column": 54 } },
			"4": { "start": { "line": 5, "column": 0 }, "end": { "line": 5, "column": 1 } },
			"6": { "start": { "line": 7, "column": 0 }, "end": { "line": 7, "column": 39 } },
			"7": { "start": { "line": 8, "column": 0 }, "end": { "line": 8, "column": 32 } },
			"8": { "start": { "line": 9, "column": 0 }, "end": { "line": 9, "column": 50 } },
			"9": { "start": { "line": 10, "column": 0 }, "end": { "line": 10, "column": 1 } },
			"11": { "start": { "line": 12, "column": 0 }, "end": { "line": 12, "column": 55 } },
			"12": { "start": { "line": 13, "column": 0 }, "end": { "line": 13, "column": 44 } },
			"13": { "start": { "line": 14, "column": 0 }, "end": { "line": 14, "column": 1 } },
			"15": { "start": { "line": 16, "column": 0 }, "end": { "line": 16, "column": 18 } },
			"16": { "start": { "line": 17, "column": 0 }, "end": { "line": 17, "column": 6 } },
			"17": { "start": { "line": 18, "column": 0 }, "end": { "line": 18, "column": 8 } },
			"18": { "start": { "line": 19, "column": 0 }, "end": { "line": 19, "column": 12 } },
			"19": { "start": { "line": 20, "column": 0 }, "end": { "line": 20, "column": 2 } },
			"21": { "start": { "line": 22, "column": 0 }, "end": { "line": 22, "column": 24 } }
		},
		"s": {
			"0": 1,
			"2": 14,
			"3": 14,
			"4": 14,
			"6": 14,
			"7": 14,
			"8": 14,
			"9": 14,
			"11": 1,
			"12": 1,
			"13": 1,
			"15": 1,
			"16": 1,
			"17": 1,
			"18": 1,
			"19": 1,
			"21": 1
		},
		"branchMap": {
			"0": {
				"type": "branch",
				"line": 3,
				"loc": { "start": { "line": 3, "column": 0 }, "end": { "line": 5, "column": 1 } },
				"locations": [{ "start": { "line": 3, "column": 0 }, "end": { "line": 5, "column": 1 } }]
			},
			"1": {
				"type": "branch",
				"line": 4,
				"loc": { "start": { "line": 4, "column": 48 }, "end": { "line": 4, "column": 54 } },
				"locations": [{ "start": { "line": 4, "column": 48 }, "end": { "line": 4, "column": 54 } }]
			},
			"2": {
				"type": "branch",
				"line": 7,
				"loc": { "start": { "line": 7, "column": 0 }, "end": { "line": 10, "column": 1 } },
				"locations": [{ "start": { "line": 7, "column": 0 }, "end": { "line": 10, "column": 1 } }]
			},
			"3": {
				"type": "branch",
				"line": 12,
				"loc": { "start": { "line": 12, "column": 0 }, "end": { "line": 14, "column": 1 } },
				"locations": [{ "start": { "line": 12, "column": 0 }, "end": { "line": 14, "column": 1 } }]
			}
		},
		"b": { "0": [14], "1": [0], "2": [14], "3": [1] },
		"fnMap": {
			"0": {
				"name": "getTimeCost",
				"decl": { "start": { "line": 3, "column": 0 }, "end": { "line": 5, "column": 1 } },
				"loc": { "start": { "line": 3, "column": 0 }, "end": { "line": 5, "column": 1 } },
				"line": 3
			},
			"1": {
				"name": "hash",
				"decl": { "start": { "line": 7, "column": 0 }, "end": { "line": 10, "column": 1 } },
				"loc": { "start": { "line": 7, "column": 0 }, "end": { "line": 10, "column": 1 } },
				"line": 7
			},
			"2": {
				"name": "verify",
				"decl": { "start": { "line": 12, "column": 0 }, "end": { "line": 14, "column": 1 } },
				"loc": { "start": { "line": 12, "column": 0 }, "end": { "line": 14, "column": 1 } },
				"line": 12
			}
		},
		"f": { "0": 14, "1": 14, "2": 1 }
	},
	"C:\\Users\\gbfra\\Documents\\pedidosinteligentes\\src\\lib\\model\\session.ts": {
		"path": "C:\\Users\\gbfra\\Documents\\pedidosinteligentes\\src\\lib\\model\\session.ts",
		"all": false,
		"statementMap": {
			"0": { "start": { "line": 1, "column": 0 }, "end": { "line": 1, "column": 46 } },
			"1": { "start": { "line": 2, "column": 0 }, "end": { "line": 2, "column": 48 } },
			"2": { "start": { "line": 3, "column": 0 }, "end": { "line": 3, "column": 54 } },
			"3": { "start": { "line": 4, "column": 0 }, "end": { "line": 4, "column": 28 } },
			"4": { "start": { "line": 5, "column": 0 }, "end": { "line": 5, "column": 48 } },
			"6": { "start": { "line": 7, "column": 0 }, "end": { "line": 7, "column": 64 } },
			"8": { "start": { "line": 9, "column": 0 }, "end": { "line": 9, "column": 39 } },
			"9": { "start": { "line": 10, "column": 0 }, "end": { "line": 10, "column": 54 } },
			"10": { "start": { "line": 11, "column": 0 }, "end": { "line": 11, "column": 69 } },
			"12": { "start": { "line": 13, "column": 0 }, "end": { "line": 13, "column": 25 } },
			"13": { "start": { "line": 14, "column": 0 }, "end": { "line": 14, "column": 19 } },
			"14": { "start": { "line": 15, "column": 0 }, "end": { "line": 15, "column": 11 } },
			"15": { "start": { "line": 16, "column": 0 }, "end": { "line": 16, "column": 9 } },
			"16": { "start": { "line": 17, "column": 0 }, "end": { "line": 17, "column": 10 } },
			"17": { "start": { "line": 18, "column": 0 }, "end": { "line": 18, "column": 12 } },
			"18": { "start": { "line": 19, "column": 0 }, "end": { "line": 19, "column": 4 } },
			"19": { "start": { "line": 20, "column": 0 }, "end": { "line": 20, "column": 15 } },
			"21": { "start": { "line": 22, "column": 0 }, "end": { "line": 22, "column": 19 } },
			"22": { "start": { "line": 23, "column": 0 }, "end": { "line": 23, "column": 1 } },
			"24": { "start": { "line": 25, "column": 0 }, "end": { "line": 25, "column": 51 } },
			"25": { "start": { "line": 26, "column": 0 }, "end": { "line": 26, "column": 25 } },
			"26": { "start": { "line": 27, "column": 0 }, "end": { "line": 27, "column": 11 } },
			"27": { "start": { "line": 28, "column": 0 }, "end": { "line": 28, "column": 17 } },
			"28": { "start": { "line": 29, "column": 0 }, "end": { "line": 29, "column": 83 } },
			"29": { "start": { "line": 30, "column": 0 }, "end": { "line": 30, "column": 12 } },
			"31": { "start": { "line": 32, "column": 0 }, "end": { "line": 32, "column": 19 } },
			"32": { "start": { "line": 33, "column": 0 }, "end": { "line": 33, "column": 1 } },
			"34": { "start": { "line": 35, "column": 0 }, "end": { "line": 35, "column": 51 } },
			"35": { "start": { "line": 36, "column": 0 }, "end": { "line": 36, "column": 18 } },
			"36": { "start": { "line": 37, "column": 0 }, "end": { "line": 37, "column": 31 } },
			"37": { "start": { "line": 38, "column": 0 }, "end": { "line": 38, "column": 47 } },
			"38": { "start": { "line": 39, "column": 0 }, "end": { "line": 39, "column": 68 } },
			"39": { "start": { "line": 40, "column": 0 }, "end": { "line": 40, "column": 5 } },
			"40": { "start": { "line": 41, "column": 0 }, "end": { "line": 41, "column": 2 } },
			"41": { "start": { "line": 42, "column": 0 }, "end": { "line": 42, "column": 67 } },
			"42": { "start": { "line": 43, "column": 0 }, "end": { "line": 43, "column": 21 } },
			"43": { "start": { "line": 44, "column": 0 }, "end": { "line": 44, "column": 31 } },
			"44": { "start": { "line": 45, "column": 0 }, "end": { "line": 45, "column": 47 } },
			"45": { "start": { "line": 46, "column": 0 }, "end": { "line": 46, "column": 68 } },
			"46": { "start": { "line": 47, "column": 0 }, "end": { "line": 47, "column": 5 } },
			"47": { "start": { "line": 48, "column": 0 }, "end": { "line": 48, "column": 2 } },
			"48": { "start": { "line": 49, "column": 0 }, "end": { "line": 49, "column": 21 } },
			"49": { "start": { "line": 50, "column": 0 }, "end": { "line": 50, "column": 1 } },
			"51": { "start": { "line": 52, "column": 0 }, "end": { "line": 52, "column": 17 } },
			"52": { "start": { "line": 53, "column": 0 }, "end": { "line": 53, "column": 28 } },
			"53": { "start": { "line": 54, "column": 0 }, "end": { "line": 54, "column": 8 } },
			"54": { "start": { "line": 55, "column": 0 }, "end": { "line": 55, "column": 21 } },
			"55": { "start": { "line": 56, "column": 0 }, "end": { "line": 56, "column": 16 } },
			"56": { "start": { "line": 57, "column": 0 }, "end": { "line": 57, "column": 2 } },
			"58": { "start": { "line": 59, "column": 0 }, "end": { "line": 59, "column": 23 } }
		},
		"s": {
			"0": 1,
			"1": 1,
			"2": 1,
			"3": 1,
			"4": 1,
			"6": 1,
			"8": 11,
			"9": 11,
			"10": 11,
			"12": 11,
			"13": 11,
			"14": 11,
			"15": 11,
			"16": 11,
			"17": 11,
			"18": 11,
			"19": 11,
			"21": 11,
			"22": 11,
			"24": 0,
			"25": 0,
			"26": 0,
			"27": 0,
			"28": 0,
			"29": 0,
			"31": 0,
			"32": 0,
			"34": 0,
			"35": 0,
			"36": 0,
			"37": 0,
			"38": 0,
			"39": 0,
			"40": 0,
			"41": 0,
			"42": 0,
			"43": 0,
			"44": 0,
			"45": 0,
			"46": 0,
			"47": 0,
			"48": 0,
			"49": 0,
			"51": 1,
			"52": 1,
			"53": 1,
			"54": 1,
			"55": 1,
			"56": 1,
			"58": 1
		},
		"branchMap": {
			"0": {
				"type": "branch",
				"line": 9,
				"loc": { "start": { "line": 9, "column": 0 }, "end": { "line": 23, "column": 1 } },
				"locations": [{ "start": { "line": 9, "column": 0 }, "end": { "line": 23, "column": 1 } }]
			}
		},
		"b": { "0": [11] },
		"fnMap": {
			"0": {
				"name": "create",
				"decl": { "start": { "line": 9, "column": 0 }, "end": { "line": 23, "column": 1 } },
				"loc": { "start": { "line": 9, "column": 0 }, "end": { "line": 23, "column": 1 } },
				"line": 9
			},
			"1": {
				"name": "findOneValidByToken",
				"decl": { "start": { "line": 25, "column": 0 }, "end": { "line": 33, "column": 1 } },
				"loc": { "start": { "line": 25, "column": 0 }, "end": { "line": 33, "column": 1 } },
				"line": 25
			},
			"2": {
				"name": "validateSession",
				"decl": { "start": { "line": 35, "column": 0 }, "end": { "line": 50, "column": 1 } },
				"loc": { "start": { "line": 35, "column": 0 }, "end": { "line": 50, "column": 1 } },
				"line": 35
			}
		},
		"f": { "0": 11, "1": 0, "2": 0 }
	},
	"C:\\Users\\gbfra\\Documents\\pedidosinteligentes\\src\\lib\\model\\user.ts": {
		"path": "C:\\Users\\gbfra\\Documents\\pedidosinteligentes\\src\\lib\\model\\user.ts",
		"all": false,
		"statementMap": {
			"0": { "start": { "line": 1, "column": 0 }, "end": { "line": 1, "column": 46 } },
			"1": { "start": { "line": 2, "column": 0 }, "end": { "line": 2, "column": 45 } },
			"2": { "start": { "line": 3, "column": 0 }, "end": { "line": 3, "column": 44 } },
			"3": { "start": { "line": 4, "column": 0 }, "end": { "line": 4, "column": 88 } },
			"4": { "start": { "line": 5, "column": 0 }, "end": { "line": 5, "column": 43 } },
			"5": { "start": { "line": 6, "column": 0 }, "end": { "line": 6, "column": 33 } },
			"6": { "start": { "line": 7, "column": 0 }, "end": { "line": 7, "column": 24 } },
			"8": { "start": { "line": 9, "column": 0 }, "end": { "line": 9, "column": 29 } },
			"9": { "start": { "line": 10, "column": 0 }, "end": { "line": 10, "column": 99 } },
			"10": { "start": { "line": 11, "column": 0 }, "end": { "line": 11, "column": 77 } },
			"11": { "start": { "line": 12, "column": 0 }, "end": { "line": 12, "column": 21 } },
			"12": { "start": { "line": 13, "column": 0 }, "end": { "line": 13, "column": 3 } },
			"14": { "start": { "line": 15, "column": 0 }, "end": { "line": 15, "column": 84 } },
			"15": { "start": { "line": 16, "column": 0 }, "end": { "line": 16, "column": 6 } },
			"16": { "start": { "line": 17, "column": 0 }, "end": { "line": 17, "column": 56 } },
			"17": { "start": { "line": 18, "column": 0 }, "end": { "line": 18, "column": 86 } },
			"18": { "start": { "line": 19, "column": 0 }, "end": { "line": 19, "column": 3 } },
			"20": { "start": { "line": 21, "column": 0 }, "end": { "line": 21, "column": 52 } },
			"21": { "start": { "line": 22, "column": 0 }, "end": { "line": 22, "column": 32 } },
			"22": { "start": { "line": 23, "column": 0 }, "end": { "line": 23, "column": 30 } },
			"23": { "start": { "line": 24, "column": 0 }, "end": { "line": 24, "column": 51 } },
			"24": { "start": { "line": 25, "column": 0 }, "end": { "line": 25, "column": 65 } },
			"25": { "start": { "line": 26, "column": 0 }, "end": { "line": 26, "column": 6 } },
			"26": { "start": { "line": 27, "column": 0 }, "end": { "line": 27, "column": 3 } },
			"28": { "start": { "line": 29, "column": 0 }, "end": { "line": 29, "column": 40 } },
			"29": { "start": { "line": 30, "column": 0 }, "end": { "line": 30, "column": 46 } },
			"30": { "start": { "line": 31, "column": 0 }, "end": { "line": 31, "column": 53 } },
			"32": { "start": { "line": 33, "column": 0 }, "end": { "line": 33, "column": 65 } },
			"33": { "start": { "line": 34, "column": 0 }, "end": { "line": 34, "column": 19 } },
			"34": { "start": { "line": 35, "column": 0 }, "end": { "line": 35, "column": 18 } },
			"35": { "start": { "line": 36, "column": 0 }, "end": { "line": 36, "column": 41 } },
			"36": { "start": { "line": 37, "column": 0 }, "end": { "line": 37, "column": 15 } },
			"37": { "start": { "line": 38, "column": 0 }, "end": { "line": 38, "column": 3 } },
			"38": { "start": { "line": 39, "column": 0 }, "end": { "line": 39, "column": 59 } },
			"39": { "start": { "line": 40, "column": 0 }, "end": { "line": 40, "column": 2 } },
			"40": { "start": { "line": 41, "column": 0 }, "end": { "line": 41, "column": 1 } },
			"42": { "start": { "line": 43, "column": 0 }, "end": { "line": 43, "column": 40 } },
			"43": { "start": { "line": 44, "column": 0 }, "end": { "line": 44, "column": 70 } },
			"45": { "start": { "line": 46, "column": 0 }, "end": { "line": 46, "column": 27 } },
			"46": { "start": { "line": 47, "column": 0 }, "end": { "line": 47, "column": 27 } },
			"47": { "start": { "line": 48, "column": 0 }, "end": { "line": 48, "column": 59 } },
			"48": { "start": { "line": 49, "column": 0 }, "end": { "line": 49, "column": 61 } },
			"49": { "start": { "line": 50, "column": 0 }, "end": { "line": 50, "column": 5 } },
			"50": { "start": { "line": 51, "column": 0 }, "end": { "line": 51, "column": 2 } },
			"51": { "start": { "line": 52, "column": 0 }, "end": { "line": 52, "column": 18 } },
			"52": { "start": { "line": 53, "column": 0 }, "end": { "line": 53, "column": 1 } },
			"54": { "start": { "line": 55, "column": 0 }, "end": { "line": 55, "column": 46 } },
			"55": { "start": { "line": 56, "column": 0 }, "end": { "line": 56, "column": 24 } },
			"56": { "start": { "line": 57, "column": 0 }, "end": { "line": 57, "column": 11 } },
			"57": { "start": { "line": 58, "column": 0 }, "end": { "line": 58, "column": 14 } },
			"58": { "start": { "line": 59, "column": 0 }, "end": { "line": 59, "column": 54 } },
			"60": { "start": { "line": 61, "column": 0 }, "end": { "line": 61, "column": 27 } },
			"61": { "start": { "line": 62, "column": 0 }, "end": { "line": 62, "column": 27 } },
			"62": { "start": { "line": 63, "column": 0 }, "end": { "line": 63, "column": 62 } },
			"63": { "start": { "line": 64, "column": 0 }, "end": { "line": 64, "column": 61 } },
			"64": { "start": { "line": 65, "column": 0 }, "end": { "line": 65, "column": 5 } },
			"65": { "start": { "line": 66, "column": 0 }, "end": { "line": 66, "column": 2 } },
			"66": { "start": { "line": 67, "column": 0 }, "end": { "line": 67, "column": 18 } },
			"67": { "start": { "line": 68, "column": 0 }, "end": { "line": 68, "column": 1 } },
			"69": { "start": { "line": 70, "column": 0 }, "end": { "line": 70, "column": 52 } },
			"70": { "start": { "line": 71, "column": 0 }, "end": { "line": 71, "column": 24 } },
			"71": { "start": { "line": 72, "column": 0 }, "end": { "line": 72, "column": 11 } },
			"72": { "start": { "line": 73, "column": 0 }, "end": { "line": 73, "column": 14 } },
			"73": { "start": { "line": 74, "column": 0 }, "end": { "line": 74, "column": 60 } },
			"75": { "start": { "line": 76, "column": 0 }, "end": { "line": 76, "column": 27 } },
			"76": { "start": { "line": 77, "column": 0 }, "end": { "line": 77, "column": 27 } },
			"77": { "start": { "line": 78, "column": 0 }, "end": { "line": 78, "column": 65 } },
			"78": { "start": { "line": 79, "column": 0 }, "end": { "line": 79, "column": 64 } },
			"79": { "start": { "line": 80, "column": 0 }, "end": { "line": 80, "column": 5 } },
			"80": { "start": { "line": 81, "column": 0 }, "end": { "line": 81, "column": 2 } },
			"81": { "start": { "line": 82, "column": 0 }, "end": { "line": 82, "column": 18 } },
			"82": { "start": { "line": 83, "column": 0 }, "end": { "line": 83, "column": 1 } },
			"84": { "start": { "line": 85, "column": 0 }, "end": { "line": 85, "column": 51 } },
			"85": { "start": { "line": 86, "column": 0 }, "end": { "line": 86, "column": 6 } },
			"86": { "start": { "line": 87, "column": 0 }, "end": { "line": 87, "column": 51 } },
			"87": { "start": { "line": 88, "column": 0 }, "end": { "line": 88, "column": 21 } },
			"88": { "start": { "line": 89, "column": 0 }, "end": { "line": 89, "column": 30 } },
			"89": { "start": { "line": 90, "column": 0 }, "end": { "line": 90, "column": 49 } },
			"90": { "start": { "line": 91, "column": 0 }, "end": { "line": 91, "column": 34 } },
			"91": { "start": { "line": 92, "column": 0 }, "end": { "line": 92, "column": 6 } },
			"92": { "start": { "line": 93, "column": 0 }, "end": { "line": 93, "column": 3 } },
			"93": { "start": { "line": 94, "column": 0 }, "end": { "line": 94, "column": 18 } },
			"94": { "start": { "line": 95, "column": 0 }, "end": { "line": 95, "column": 39 } },
			"95": { "start": { "line": 96, "column": 0 }, "end": { "line": 96, "column": 10 } },
			"96": { "start": { "line": 97, "column": 0 }, "end": { "line": 97, "column": 3 } },
			"97": { "start": { "line": 98, "column": 0 }, "end": { "line": 98, "column": 14 } },
			"98": { "start": { "line": 99, "column": 0 }, "end": { "line": 99, "column": 2 } },
			"99": { "start": { "line": 100, "column": 0 }, "end": { "line": 100, "column": 1 } },
			"101": { "start": { "line": 102, "column": 0 }, "end": { "line": 102, "column": 57 } },
			"102": { "start": { "line": 103, "column": 0 }, "end": { "line": 103, "column": 6 } },
			"103": { "start": { "line": 104, "column": 0 }, "end": { "line": 104, "column": 57 } },
			"104": { "start": { "line": 105, "column": 0 }, "end": { "line": 105, "column": 21 } },
			"105": { "start": { "line": 106, "column": 0 }, "end": { "line": 106, "column": 30 } },
			"106": { "start": { "line": 107, "column": 0 }, "end": { "line": 107, "column": 59 } },
			"107": { "start": { "line": 108, "column": 0 }, "end": { "line": 108, "column": 44 } },
			"108": { "start": { "line": 109, "column": 0 }, "end": { "line": 109, "column": 6 } },
			"109": { "start": { "line": 110, "column": 0 }, "end": { "line": 110, "column": 3 } },
			"110": { "start": { "line": 111, "column": 0 }, "end": { "line": 111, "column": 18 } },
			"111": { "start": { "line": 112, "column": 0 }, "end": { "line": 112, "column": 39 } },
			"112": { "start": { "line": 113, "column": 0 }, "end": { "line": 113, "column": 10 } },
			"113": { "start": { "line": 114, "column": 0 }, "end": { "line": 114, "column": 3 } },
			"114": { "start": { "line": 115, "column": 0 }, "end": { "line": 115, "column": 14 } },
			"115": { "start": { "line": 116, "column": 0 }, "end": { "line": 116, "column": 2 } },
			"116": { "start": { "line": 117, "column": 0 }, "end": { "line": 117, "column": 1 } },
			"118": { "start": { "line": 119, "column": 0 }, "end": { "line": 119, "column": 14 } },
			"119": { "start": { "line": 120, "column": 0 }, "end": { "line": 120, "column": 8 } },
			"120": { "start": { "line": 121, "column": 0 }, "end": { "line": 121, "column": 13 } },
			"121": { "start": { "line": 122, "column": 0 }, "end": { "line": 122, "column": 16 } },
			"122": { "start": { "line": 123, "column": 0 }, "end": { "line": 123, "column": 18 } },
			"123": { "start": { "line": 124, "column": 0 }, "end": { "line": 124, "column": 2 } },
			"125": { "start": { "line": 126, "column": 0 }, "end": { "line": 126, "column": 20 } }
		},
		"s": {
			"0": 1,
			"1": 1,
			"2": 1,
			"3": 1,
			"4": 1,
			"5": 1,
			"6": 1,
			"8": 1,
			"9": 1,
			"10": 1,
			"11": 1,
			"12": 1,
			"14": 14,
			"15": 14,
			"16": 14,
			"17": 0,
			"18": 0,
			"20": 14,
			"21": 14,
			"22": 0,
			"23": 0,
			"24": 0,
			"25": 0,
			"26": 0,
			"28": 14,
			"29": 14,
			"30": 14,
			"32": 14,
			"33": 14,
			"34": 14,
			"35": 0,
			"36": 0,
			"37": 0,
			"38": 0,
			"39": 0,
			"40": 14,
			"42": 0,
			"43": 0,
			"45": 0,
			"46": 0,
			"47": 0,
			"48": 0,
			"49": 0,
			"50": 0,
			"51": 0,
			"52": 0,
			"54": 14,
			"55": 14,
			"56": 14,
			"57": 14,
			"58": 14,
			"60": 14,
			"61": 14,
			"62": 14,
			"63": 14,
			"64": 14,
			"65": 14,
			"66": 0,
			"67": 0,
			"69": 14,
			"70": 14,
			"71": 14,
			"72": 14,
			"73": 14,
			"75": 14,
			"76": 14,
			"77": 14,
			"78": 14,
			"79": 14,
			"80": 14,
			"81": 0,
			"82": 0,
			"84": 14,
			"85": 14,
			"86": 14,
			"87": 0,
			"88": 0,
			"89": 0,
			"90": 0,
			"91": 0,
			"92": 0,
			"93": 14,
			"94": 14,
			"95": 14,
			"96": 14,
			"97": 0,
			"98": 0,
			"99": 14,
			"101": 14,
			"102": 14,
			"103": 14,
			"104": 0,
			"105": 0,
			"106": 0,
			"107": 0,
			"108": 0,
			"109": 0,
			"110": 14,
			"111": 14,
			"112": 14,
			"113": 14,
			"114": 0,
			"115": 0,
			"116": 14,
			"118": 1,
			"119": 1,
			"120": 1,
			"121": 1,
			"122": 1,
			"123": 1,
			"125": 1
		},
		"branchMap": {
			"0": {
				"type": "branch",
				"line": 15,
				"loc": { "start": { "line": 15, "column": 0 }, "end": { "line": 41, "column": 1 } },
				"locations": [{ "start": { "line": 15, "column": 0 }, "end": { "line": 41, "column": 1 } }]
			},
			"1": {
				"type": "branch",
				"line": 17,
				"loc": { "start": { "line": 17, "column": 55 }, "end": { "line": 19, "column": 3 } },
				"locations": [{ "start": { "line": 17, "column": 55 }, "end": { "line": 19, "column": 3 } }]
			},
			"2": {
				"type": "branch",
				"line": 22,
				"loc": { "start": { "line": 22, "column": 31 }, "end": { "line": 27, "column": 3 } },
				"locations": [{ "start": { "line": 22, "column": 31 }, "end": { "line": 27, "column": 3 } }]
			},
			"3": {
				"type": "branch",
				"line": 35,
				"loc": { "start": { "line": 35, "column": 1 }, "end": { "line": 40, "column": 2 } },
				"locations": [{ "start": { "line": 35, "column": 1 }, "end": { "line": 40, "column": 2 } }]
			},
			"4": {
				"type": "branch",
				"line": 55,
				"loc": { "start": { "line": 55, "column": 0 }, "end": { "line": 68, "column": 1 } },
				"locations": [{ "start": { "line": 55, "column": 0 }, "end": { "line": 68, "column": 1 } }]
			},
			"5": {
				"type": "branch",
				"line": 66,
				"loc": { "start": { "line": 66, "column": 1 }, "end": { "line": 68, "column": 1 } },
				"locations": [{ "start": { "line": 66, "column": 1 }, "end": { "line": 68, "column": 1 } }]
			},
			"6": {
				"type": "branch",
				"line": 70,
				"loc": { "start": { "line": 70, "column": 0 }, "end": { "line": 83, "column": 1 } },
				"locations": [{ "start": { "line": 70, "column": 0 }, "end": { "line": 83, "column": 1 } }]
			},
			"7": {
				"type": "branch",
				"line": 81,
				"loc": { "start": { "line": 81, "column": 1 }, "end": { "line": 83, "column": 1 } },
				"locations": [{ "start": { "line": 81, "column": 1 }, "end": { "line": 83, "column": 1 } }]
			},
			"8": {
				"type": "branch",
				"line": 85,
				"loc": { "start": { "line": 85, "column": 0 }, "end": { "line": 100, "column": 1 } },
				"locations": [{ "start": { "line": 85, "column": 0 }, "end": { "line": 100, "column": 1 } }]
			},
			"9": {
				"type": "branch",
				"line": 87,
				"loc": { "start": { "line": 87, "column": 49 }, "end": { "line": 93, "column": 3 } },
				"locations": [{ "start": { "line": 87, "column": 49 }, "end": { "line": 93, "column": 3 } }]
			},
			"10": {
				"type": "branch",
				"line": 97,
				"loc": { "start": { "line": 97, "column": 2 }, "end": { "line": 99, "column": 2 } },
				"locations": [{ "start": { "line": 97, "column": 2 }, "end": { "line": 99, "column": 2 } }]
			},
			"11": {
				"type": "branch",
				"line": 102,
				"loc": { "start": { "line": 102, "column": 0 }, "end": { "line": 117, "column": 1 } },
				"locations": [
					{ "start": { "line": 102, "column": 0 }, "end": { "line": 117, "column": 1 } }
				]
			},
			"12": {
				"type": "branch",
				"line": 104,
				"loc": { "start": { "line": 104, "column": 55 }, "end": { "line": 110, "column": 3 } },
				"locations": [
					{ "start": { "line": 104, "column": 55 }, "end": { "line": 110, "column": 3 } }
				]
			},
			"13": {
				"type": "branch",
				"line": 114,
				"loc": { "start": { "line": 114, "column": 2 }, "end": { "line": 116, "column": 2 } },
				"locations": [
					{ "start": { "line": 114, "column": 2 }, "end": { "line": 116, "column": 2 } }
				]
			}
		},
		"b": {
			"0": [14],
			"1": [0],
			"2": [0],
			"3": [0],
			"4": [14],
			"5": [0],
			"6": [14],
			"7": [0],
			"8": [14],
			"9": [0],
			"10": [0],
			"11": [14],
			"12": [0],
			"13": [0]
		},
		"fnMap": {
			"0": {
				"name": "create",
				"decl": { "start": { "line": 15, "column": 0 }, "end": { "line": 41, "column": 1 } },
				"loc": { "start": { "line": 15, "column": 0 }, "end": { "line": 41, "column": 1 } },
				"line": 15
			},
			"1": {
				"name": "findOneById",
				"decl": { "start": { "line": 43, "column": 0 }, "end": { "line": 53, "column": 1 } },
				"loc": { "start": { "line": 43, "column": 0 }, "end": { "line": 53, "column": 1 } },
				"line": 43
			},
			"2": {
				"name": "findOneByEmail",
				"decl": { "start": { "line": 55, "column": 0 }, "end": { "line": 68, "column": 1 } },
				"loc": { "start": { "line": 55, "column": 0 }, "end": { "line": 68, "column": 1 } },
				"line": 55
			},
			"3": {
				"name": "findOneByUsername",
				"decl": { "start": { "line": 70, "column": 0 }, "end": { "line": 83, "column": 1 } },
				"loc": { "start": { "line": 70, "column": 0 }, "end": { "line": 83, "column": 1 } },
				"line": 70
			},
			"4": {
				"name": "validateUniqueEmail",
				"decl": { "start": { "line": 85, "column": 0 }, "end": { "line": 100, "column": 1 } },
				"loc": { "start": { "line": 85, "column": 0 }, "end": { "line": 100, "column": 1 } },
				"line": 85
			},
			"5": {
				"name": "validateUniqueUsername",
				"decl": { "start": { "line": 102, "column": 0 }, "end": { "line": 117, "column": 1 } },
				"loc": { "start": { "line": 102, "column": 0 }, "end": { "line": 117, "column": 1 } },
				"line": 102
			}
		},
		"f": { "0": 14, "1": 0, "2": 14, "3": 14, "4": 14, "5": 14 }
	},
	"C:\\Users\\gbfra\\Documents\\pedidosinteligentes\\src\\lib\\model\\whatsapp.ts": {
		"path": "C:\\Users\\gbfra\\Documents\\pedidosinteligentes\\src\\lib\\model\\whatsapp.ts",
		"all": false,
		"statementMap": {
			"0": { "start": { "line": 1, "column": 0 }, "end": { "line": 1, "column": 43 } },
			"1": { "start": { "line": 2, "column": 0 }, "end": { "line": 2, "column": 46 } },
			"2": { "start": { "line": 3, "column": 0 }, "end": { "line": 3, "column": 49 } },
			"3": { "start": { "line": 4, "column": 0 }, "end": { "line": 4, "column": 52 } },
			"5": { "start": { "line": 6, "column": 0 }, "end": { "line": 6, "column": 38 } },
			"6": { "start": { "line": 7, "column": 0 }, "end": { "line": 7, "column": 36 } },
			"8": { "start": { "line": 9, "column": 0 }, "end": { "line": 9, "column": 33 } },
			"9": { "start": { "line": 10, "column": 0 }, "end": { "line": 10, "column": 37 } },
			"10": { "start": { "line": 11, "column": 0 }, "end": { "line": 11, "column": 36 } },
			"11": { "start": { "line": 12, "column": 0 }, "end": { "line": 12, "column": 34 } },
			"12": { "start": { "line": 13, "column": 0 }, "end": { "line": 13, "column": 34 } },
			"13": { "start": { "line": 14, "column": 0 }, "end": { "line": 14, "column": 42 } },
			"14": { "start": { "line": 15, "column": 0 }, "end": { "line": 15, "column": 42 } },
			"15": { "start": { "line": 16, "column": 0 }, "end": { "line": 16, "column": 42 } },
			"17": { "start": { "line": 18, "column": 0 }, "end": { "line": 18, "column": 61 } },
			"18": { "start": { "line": 19, "column": 0 }, "end": { "line": 19, "column": 21 } },
			"20": { "start": { "line": 21, "column": 0 }, "end": { "line": 21, "column": 61 } },
			"21": { "start": { "line": 22, "column": 0 }, "end": { "line": 22, "column": 17 } },
			"22": { "start": { "line": 23, "column": 0 }, "end": { "line": 23, "column": 12 } },
			"23": { "start": { "line": 24, "column": 0 }, "end": { "line": 24, "column": 38 } },
			"24": { "start": { "line": 25, "column": 0 }, "end": { "line": 25, "column": 27 } },
			"25": { "start": { "line": 26, "column": 0 }, "end": { "line": 26, "column": 4 } },
			"26": { "start": { "line": 27, "column": 0 }, "end": { "line": 27, "column": 24 } },
			"27": { "start": { "line": 28, "column": 0 }, "end": { "line": 28, "column": 20 } },
			"28": { "start": { "line": 29, "column": 0 }, "end": { "line": 29, "column": 35 } },
			"29": { "start": { "line": 30, "column": 0 }, "end": { "line": 30, "column": 22 } },
			"30": { "start": { "line": 31, "column": 0 }, "end": { "line": 31, "column": 22 } },
			"31": { "start": { "line": 32, "column": 0 }, "end": { "line": 32, "column": 22 } },
			"32": { "start": { "line": 33, "column": 0 }, "end": { "line": 33, "column": 20 } },
			"33": { "start": { "line": 34, "column": 0 }, "end": { "line": 34, "column": 72 } },
			"34": { "start": { "line": 35, "column": 0 }, "end": { "line": 35, "column": 25 } },
			"35": { "start": { "line": 36, "column": 0 }, "end": { "line": 36, "column": 25 } },
			"36": { "start": { "line": 37, "column": 0 }, "end": { "line": 37, "column": 33 } },
			"37": { "start": { "line": 38, "column": 0 }, "end": { "line": 38, "column": 33 } },
			"38": { "start": { "line": 39, "column": 0 }, "end": { "line": 39, "column": 32 } },
			"39": { "start": { "line": 40, "column": 0 }, "end": { "line": 40, "column": 4 } },
			"40": { "start": { "line": 41, "column": 0 }, "end": { "line": 41, "column": 4 } },
			"42": { "start": { "line": 43, "column": 0 }, "end": { "line": 43, "column": 36 } },
			"43": { "start": { "line": 44, "column": 0 }, "end": { "line": 44, "column": 19 } },
			"44": { "start": { "line": 45, "column": 0 }, "end": { "line": 45, "column": 51 } },
			"45": { "start": { "line": 46, "column": 0 }, "end": { "line": 46, "column": 2 } },
			"47": { "start": { "line": 48, "column": 0 }, "end": { "line": 48, "column": 93 } },
			"48": { "start": { "line": 49, "column": 0 }, "end": { "line": 49, "column": 27 } },
			"49": { "start": { "line": 50, "column": 0 }, "end": { "line": 50, "column": 1 } },
			"51": { "start": { "line": 52, "column": 0 }, "end": { "line": 52, "column": 47 } },
			"52": { "start": { "line": 53, "column": 0 }, "end": { "line": 53, "column": 69 } },
			"53": { "start": { "line": 54, "column": 0 }, "end": { "line": 54, "column": 12 } },
			"54": { "start": { "line": 55, "column": 0 }, "end": { "line": 55, "column": 38 } },
			"55": { "start": { "line": 56, "column": 0 }, "end": { "line": 56, "column": 27 } },
			"56": { "start": { "line": 57, "column": 0 }, "end": { "line": 57, "column": 3 } },
			"57": { "start": { "line": 58, "column": 0 }, "end": { "line": 58, "column": 4 } },
			"59": { "start": { "line": 60, "column": 0 }, "end": { "line": 60, "column": 31 } },
			"60": { "start": { "line": 61, "column": 0 }, "end": { "line": 61, "column": 33 } },
			"61": { "start": { "line": 62, "column": 0 }, "end": { "line": 62, "column": 18 } },
			"62": { "start": { "line": 63, "column": 0 }, "end": { "line": 63, "column": 39 } },
			"64": { "start": { "line": 65, "column": 0 }, "end": { "line": 65, "column": 65 } },
			"65": { "start": { "line": 66, "column": 0 }, "end": { "line": 66, "column": 36 } },
			"66": { "start": { "line": 67, "column": 0 }, "end": { "line": 67, "column": 20 } },
			"67": { "start": { "line": 68, "column": 0 }, "end": { "line": 68, "column": 77 } },
			"68": { "start": { "line": 69, "column": 0 }, "end": { "line": 69, "column": 28 } },
			"69": { "start": { "line": 70, "column": 0 }, "end": { "line": 70, "column": 11 } },
			"70": { "start": { "line": 71, "column": 0 }, "end": { "line": 71, "column": 20 } },
			"71": { "start": { "line": 72, "column": 0 }, "end": { "line": 72, "column": 25 } },
			"72": { "start": { "line": 73, "column": 0 }, "end": { "line": 73, "column": 34 } },
			"73": { "start": { "line": 74, "column": 0 }, "end": { "line": 74, "column": 33 } },
			"74": { "start": { "line": 75, "column": 0 }, "end": { "line": 75, "column": 5 } },
			"75": { "start": { "line": 76, "column": 0 }, "end": { "line": 76, "column": 5 } },
			"76": { "start": { "line": 77, "column": 0 }, "end": { "line": 77, "column": 15 } },
			"77": { "start": { "line": 78, "column": 0 }, "end": { "line": 78, "column": 1 } },
			"79": { "start": { "line": 80, "column": 0 }, "end": { "line": 80, "column": 61 } },
			"80": { "start": { "line": 81, "column": 0 }, "end": { "line": 81, "column": 33 } },
			"81": { "start": { "line": 82, "column": 0 }, "end": { "line": 82, "column": 20 } },
			"82": { "start": { "line": 83, "column": 0 }, "end": { "line": 83, "column": 67 } },
			"83": { "start": { "line": 84, "column": 0 }, "end": { "line": 84, "column": 15 } },
			"85": { "start": { "line": 86, "column": 0 }, "end": { "line": 86, "column": 23 } },
			"86": { "start": { "line": 87, "column": 0 }, "end": { "line": 87, "column": 53 } },
			"87": { "start": { "line": 88, "column": 0 }, "end": { "line": 88, "column": 20 } },
			"88": { "start": { "line": 89, "column": 0 }, "end": { "line": 89, "column": 13 } },
			"89": { "start": { "line": 90, "column": 0 }, "end": { "line": 90, "column": 39 } },
			"90": { "start": { "line": 91, "column": 0 }, "end": { "line": 91, "column": 28 } },
[...]
			"20": { "start": { "line": 21, "column": 0 }, "end": { "line": 21, "column": 3 } },
			"21": { "start": { "line": 22, "column": 0 }, "end": { "line": 22, "column": 66 } },
			"22": { "start": { "line": 23, "column": 0 }, "end": { "line": 23, "column": 2 } },
			"23": { "start": { "line": 24, "column": 0 }, "end": { "line": 24, "column": 2 } },
			"25": { "start": { "line": 26, "column": 0 }, "end": { "line": 26, "column": 59 } },
			"26": { "start": { "line": 27, "column": 0 }, "end": { "line": 27, "column": 6 } },
			"27": { "start": { "line": 28, "column": 0 }, "end": { "line": 28, "column": 56 } },
			"28": { "start": { "line": 29, "column": 0 }, "end": { "line": 29, "column": 64 } },
			"29": { "start": { "line": 30, "column": 0 }, "end": { "line": 30, "column": 71 } },
			"31": { "start": { "line": 32, "column": 0 }, "end": { "line": 32, "column": 42 } },
			"32": { "start": { "line": 33, "column": 0 }, "end": { "line": 33, "column": 18 } },
			"33": { "start": { "line": 34, "column": 0 }, "end": { "line": 34, "column": 21 } },
			"34": { "start": { "line": 35, "column": 0 }, "end": { "line": 35, "column": 79 } },
			"35": { "start": { "line": 36, "column": 0 }, "end": { "line": 36, "column": 52 } },
			"36": { "start": { "line": 37, "column": 0 }, "end": { "line": 37, "column": 3 } },
			"37": { "start": { "line": 38, "column": 0 }, "end": { "line": 38, "column": 66 } },
			"38": { "start": { "line": 39, "column": 0 }, "end": { "line": 39, "column": 2 } },
			"39": { "start": { "line": 40, "column": 0 }, "end": { "line": 40, "column": 2 } }
		},
		"s": {
			"0": 0,
			"1": 0,
			"2": 0,
			"3": 0,
			"6": 0,
			"7": 0,
			"8": 0,
			"9": 0,
			"10": 0,
			"11": 0,
			"12": 0,
			"13": 0,
			"14": 0,
			"16": 0,
			"17": 0,
			"18": 0,
			"19": 0,
			"20": 0,
			"21": 0,
			"22": 0,
			"23": 0,
			"25": 0,
			"26": 0,
			"27": 0,
			"28": 0,
			"29": 0,
			"31": 0,
			"32": 0,
			"33": 0,
			"34": 0,
			"35": 0,
			"36": 0,
			"37": 0,
			"38": 0,
			"39": 0
		},
		"branchMap": {
			"0": {
				"type": "branch",
				"line": 1,
				"loc": { "start": { "line": 1, "column": 1532 }, "end": { "line": 40, "column": 2 } },
				"locations": [
					{ "start": { "line": 1, "column": 1532 }, "end": { "line": 40, "column": 2 } }
				]
			}
		},
		"b": { "0": [0] },
		"fnMap": {
			"0": {
				"name": "(empty-report)",
				"decl": { "start": { "line": 1, "column": 1532 }, "end": { "line": 40, "column": 2 } },
				"loc": { "start": { "line": 1, "column": 1532 }, "end": { "line": 40, "column": 2 } },
				"line": 1
			}
		},
		"f": { "0": 0 }
	},
	"C:\\Users\\gbfra\\Documents\\pedidosinteligentes\\src\\routes\\api\\v1\\instances\\whatsapp\\[id=uuid]\\+server.ts": {
		"path": "C:\\Users\\gbfra\\Documents\\pedidosinteligentes\\src\\routes\\api\\v1\\instances\\whatsapp\\[id=uuid]\\+server.ts",
		"all": true,
		"statementMap": {
			"0": { "start": { "line": 1, "column": 0 }, "end": { "line": 1, "column": 92 } },
			"1": { "start": { "line": 2, "column": 0 }, "end": { "line": 2, "column": 41 } },
			"2": { "start": { "line": 3, "column": 0 }, "end": { "line": 3, "column": 43 } },
			"3": { "start": { "line": 4, "column": 0 }, "end": { "line": 4, "column": 37 } },
			"4": { "start": { "line": 5, "column": 0 }, "end": { "line": 5, "column": 47 } },
			"5": { "start": { "line": 6, "column": 0 }, "end": { "line": 6, "column": 0 } },
			"6": { "start": { "line": 7, "column": 0 }, "end": { "line": 7, "column": 70 } },
			"7": { "start": { "line": 8, "column": 0 }, "end": { "line": 8, "column": 6 } },
			"8": { "start": { "line": 9, "column": 0 }, "end": { "line": 9, "column": 56 } },
			"9": { "start": { "line": 10, "column": 0 }, "end": { "line": 10, "column": 64 } },
			"10": { "start": { "line": 11, "column": 0 }, "end": { "line": 11, "column": 81 } },
			"11": { "start": { "line": 12, "column": 0 }, "end": { "line": 12, "column": 0 } },
			"12": { "start": { "line": 13, "column": 0 }, "end": { "line": 13, "column": 41 } },
			"13": { "start": { "line": 14, "column": 0 }, "end": { "line": 14, "column": 18 } },
			"14": { "start": { "line": 15, "column": 0 }, "end": { "line": 15, "column": 79 } },
			"15": { "start": { "line": 16, "column": 0 }, "end": { "line": 16, "column": 52 } },
			"16": { "start": { "line": 17, "column": 0 }, "end": { "line": 17, "column": 3 } },
			"17": { "start": { "line": 18, "column": 0 }, "end": { "line": 18, "column": 66 } },
			"18": { "start": { "line": 19, "column": 0 }, "end": { "line": 19, "column": 2 } },
			"19": { "start": { "line": 20, "column": 0 }, "end": { "line": 20, "column": 2 } },
			"20": { "start": { "line": 21, "column": 0 }, "end": { "line": 21, "column": 0 } },
			"21": { "start": { "line": 22, "column": 0 }, "end": { "line": 22, "column": 67 } },
			"22": { "start": { "line": 23, "column": 0 }, "end": { "line": 23, "column": 6 } },
			"23": { "start": { "line": 24, "column": 0 }, "end": { "line": 24, "column": 56 } },
			"24": { "start": { "line": 25, "column": 0 }, "end": { "line": 25, "column": 43 } },
			"25": { "start": { "line": 26, "column": 0 }, "end": { "line": 26, "column": 62 } },
			"26": { "start": { "line": 27, "column": 0 }, "end": { "line": 27, "column": 0 } },
			"27": { "start": { "line": 28, "column": 0 }, "end": { "line": 28, "column": 42 } },
			"28": { "start": { "line": 29, "column": 0 }, "end": { "line": 29, "column": 18 } },
			"29": { "start": { "line": 30, "column": 0 }, "end": { "line": 30, "column": 79 } },
			"30": { "start": { "line": 31, "column": 0 }, "end": { "line": 31, "column": 52 } },
			"31": { "start": { "line": 32, "column": 0 }, "end": { "line": 32, "column": 3 } },
			"32": { "start": { "line": 33, "column": 0 }, "end": { "line": 33, "column": 66 } },
			"33": { "start": { "line": 34, "column": 0 }, "end": { "line": 34, "column": 2 } },
			"34": { "start": { "line": 35, "column": 0 }, "end": { "line": 35, "column": 2 } }
		},
		"s": {
			"0": 0,
			"1": 0,
			"2": 0,
			"3": 0,
			"4": 0,
			"5": 0,
			"6": 0,
			"7": 0,
			"8": 0,
			"9": 0,
			"10": 0,
			"11": 0,
			"12": 0,
			"13": 0,
			"14": 0,
			"15": 0,
			"16": 0,
			"17": 0,
			"18": 0,
			"19": 0,
			"20": 0,
			"21": 0,
			"22": 0,
			"23": 0,
			"24": 0,
			"25": 0,
			"26": 0,
			"27": 0,
			"28": 0,
			"29": 0,
			"30": 0,
			"31": 0,
			"32": 0,
			"33": 0,
			"34": 0
		},
		"branchMap": {
			"0": {
				"type": "branch",
				"line": 1,
				"loc": { "start": { "line": 1, "column": 0 }, "end": { "line": 35, "column": 2 } },
				"locations": [{ "start": { "line": 1, "column": 0 }, "end": { "line": 35, "column": 2 } }]
			}
		},
		"b": { "0": [0] },
		"fnMap": {
			"0": {
				"name": "(empty-report)",
				"decl": { "start": { "line": 1, "column": 0 }, "end": { "line": 35, "column": 2 } },
				"loc": { "start": { "line": 1, "column": 0 }, "end": { "line": 35, "column": 2 } },
				"line": 1
			}
		},
		"f": { "0": 0 }
	},
	"C:\\Users\\gbfra\\Documents\\pedidosinteligentes\\src\\routes\\api\\v1\\sessions\\+server.ts": {
		"path": "C:\\Users\\gbfra\\Documents\\pedidosinteligentes\\src\\routes\\api\\v1\\sessions\\+server.ts",
		"all": true,
		"statementMap": {
			"0": { "start": { "line": 1, "column": 0 }, "end": { "line": 1, "column": 8 } },
			"6": { "start": { "line": 7, "column": 0 }, "end": { "line": 7, "column": 35 } },
			"7": { "start": { "line": 8, "column": 0 }, "end": { "line": 8, "column": 41 } },
			"8": { "start": { "line": 9, "column": 0 }, "end": { "line": 9, "column": 37 } },
			"11": { "start": { "line": 12, "column": 0 }, "end": { "line": 12, "column": 69 } },
			"12": { "start": { "line": 13, "column": 0 }, "end": { "line": 13, "column": 6 } },
			"13": { "start": { "line": 14, "column": 0 }, "end": { "line": 14, "column": 36 } },
			"14": { "start": { "line": 15, "column": 0 }, "end": { "line": 15, "column": 38 } },
			"15": { "start": { "line": 16, "column": 0 }, "end": { "line": 16, "column": 30 } },
			"16": { "start": { "line": 17, "column": 0 }, "end": { "line": 17, "column": 48 } },
			"17": { "start": { "line": 18, "column": 0 }, "end": { "line": 18, "column": 45 } },
			"18": { "start": { "line": 19, "column": 0 }, "end": { "line": 19, "column": 6 } },
			"19": { "start": { "line": 20, "column": 0 }, "end": { "line": 20, "column": 3 } },
			"21": { "start": { "line": 22, "column": 0 }, "end": { "line": 22, "column": 74 } },
			"22": { "start": { "line": 23, "column": 0 }, "end": { "line": 23, "column": 47 } },
			"24": { "start": { "line": 25, "column": 0 }, "end": { "line": 25, "column": 43 } },
			"25": { "start": { "line": 26, "column": 0 }, "end": { "line": 26, "column": 13 } },
			"26": { "start": { "line": 27, "column": 0 }, "end": { "line": 27, "column": 53 } },
			"27": { "start": { "line": 28, "column": 0 }, "end": { "line": 28, "column": 49 } },
			"28": { "start": { "line": 29, "column": 0 }, "end": { "line": 29, "column": 17 } },
			"29": { "start": { "line": 30, "column": 0 }, "end": { "line": 30, "column": 5 } },
			"31": { "start": { "line": 32, "column": 0 }, "end": { "line": 32, "column": 39 } },
			"32": { "start": { "line": 33, "column": 0 }, "end": { "line": 33, "column": 18 } },
			"33": { "start": { "line": 34, "column": 0 }, "end": { "line": 34, "column": 41 } },
			"34": { "start": { "line": 35, "column": 0 }, "end": { "line": 35, "column": 52 } },
			"35": { "start": { "line": 36, "column": 0 }, "end": { "line": 36, "column": 3 } },
			"36": { "start": { "line": 37, "column": 0 }, "end": { "line": 37, "column": 43 } },
			"37": { "start": { "line": 38, "column": 0 }, "end": { "line": 38, "column": 39 } },
			"38": { "start": { "line": 39, "column": 0 }, "end": { "line": 39, "column": 3 } },
			"39": { "start": { "line": 40, "column": 0 }, "end": { "line": 40, "column": 39 } },
			"40": { "start": { "line": 41, "column": 0 }, "end": { "line": 41, "column": 73 } },
			"41": { "start": { "line": 42, "column": 0 }, "end": { "line": 42, "column": 3 } },
			"42": { "start": { "line": 43, "column": 0 }, "end": { "line": 43, "column": 66 } },
			"43": { "start": { "line": 44, "column": 0 }, "end": { "line": 44, "column": 2 } },
			"44": { "start": { "line": 45, "column": 0 }, "end": { "line": 45, "column": 2 } }
		},
		"s": {
			"0": 0,
			"6": 0,
			"7": 0,
			"8": 0,
			"11": 0,
			"12": 0,
			"13": 0,
			"14": 0,
			"15": 0,
			"16": 0,
			"17": 0,
			"18": 0,
			"19": 0,
			"21": 0,
			"22": 0,
			"24": 0,
			"25": 0,
			"26": 0,
			"27": 0,
			"28": 0,
			"29": 0,
			"31": 0,
			"32": 0,
			"33": 0,
			"34": 0,
			"35": 0,
			"36": 0,
			"37": 0,
			"38": 0,
			"39": 0,
			"40": 0,
			"41": 0,
			"42": 0,
			"43": 0,
			"44": 0
		},
		"branchMap": {
			"0": {
				"type": "branch",
				"line": 1,
				"loc": { "start": { "line": 1, "column": 1315 }, "end": { "line": 45, "column": 2 } },
				"locations": [
					{ "start": { "line": 1, "column": 1315 }, "end": { "line": 45, "column": 2 } }
				]
			}
		},
		"b": { "0": [0] },
		"fnMap": {
			"0": {
				"name": "(empty-report)",
				"decl": { "start": { "line": 1, "column": 1315 }, "end": { "line": 45, "column": 2 } },
				"loc": { "start": { "line": 1, "column": 1315 }, "end": { "line": 45, "column": 2 } },
				"line": 1
			}
		},
		"f": { "0": 0 }
	},
	"C:\\Users\\gbfra\\Documents\\pedidosinteligentes\\src\\routes\\api\\v1\\status\\+server.ts": {
		"path": "C:\\Users\\gbfra\\Documents\\pedidosinteligentes\\src\\routes\\api\\v1\\status\\+server.ts",
		"all": true,
		"statementMap": {
			"0": { "start": { "line": 1, "column": 0 }, "end": { "line": 1, "column": 46 } },
			"1": { "start": { "line": 2, "column": 0 }, "end": { "line": 2, "column": 73 } },
			"2": { "start": { "line": 3, "column": 0 }, "end": { "line": 3, "column": 37 } },
			"5": { "start": { "line": 6, "column": 0 }, "end": { "line": 6, "column": 48 } },
			"6": { "start": { "line": 7, "column": 0 }, "end": { "line": 7, "column": 6 } },
			"7": { "start": { "line": 8, "column": 0 }, "end": { "line": 8, "column": 66 } },
			"8": { "start": { "line": 9, "column": 0 }, "end": { "line": 9, "column": 58 } },
			"9": { "start": { "line": 10, "column": 0 }, "end": { "line": 10, "column": 45 } },
			"10": { "start": { "line": 11, "column": 0 }, "end": { "line": 11, "column": 77 } },
			"11": { "start": { "line": 12, "column": 0 }, "end": { "line": 12, "column": 4 } },
			"13": { "start": { "line": 14, "column": 0 }, "end": { "line": 14, "column": 18 } },
			"14": { "start": { "line": 15, "column": 0 }, "end": { "line": 15, "column": 40 } },
			"15": { "start": { "line": 16, "column": 0 }, "end": { "line": 16, "column": 18 } },
			"16": { "start": { "line": 17, "column": 0 }, "end": { "line": 17, "column": 15 } },
			"17": { "start": { "line": 18, "column": 0 }, "end": { "line": 18, "column": 80 } },
			"18": { "start": { "line": 19, "column": 0 }, "end": { "line": 19, "column": 76 } },
			"19": { "start": { "line": 20, "column": 0 }, "end": { "line": 20, "column": 39 } },
			"20": { "start": { "line": 21, "column": 0 }, "end": { "line": 21, "column": 5 } },
			"21": { "start": { "line": 22, "column": 0 }, "end": { "line": 22, "column": 4 } },
			"22": { "start": { "line": 23, "column": 0 }, "end": { "line": 23, "column": 4 } },
			"23": { "start": { "line": 24, "column": 0 }, "end": { "line": 24, "column": 39 } },
			"24": { "start": { "line": 25, "column": 0 }, "end": { "line": 25, "column": 18 } },
			"25": { "start": { "line": 26, "column": 0 }, "end": { "line": 26, "column": 41 } },
			"26": { "start": { "line": 27, "column": 0 }, "end": { "line": 27, "column": 52 } },
			"27": { "start": { "line": 28, "column": 0 }, "end": { "line": 28, "column": 3 } },
			"28": { "start": { "line": 29, "column": 0 }, "end": { "line": 29, "column": 66 } },
			"29": { "start": { "line": 30, "column": 0 }, "end": { "line": 30, "column": 2 } },
			"30": { "start": { "line": 31, "column": 0 }, "end": { "line": 31, "column": 2 } }
		},
		"s": {
			"0": 0,
			"1": 0,
			"2": 0,
			"5": 0,
			"6": 0,
			"7": 0,
			"8": 0,
			"9": 0,
			"10": 0,
			"11": 0,
			"13": 0,
			"14": 0,
			"15": 0,
			"16": 0,
			"17": 0,
			"18": 0,
			"19": 0,
			"20": 0,
			"21": 0,
			"22": 0,
			"23": 0,
			"24": 0,
			"25": 0,
			"26": 0,
			"27": 0,
			"28": 0,
			"29": 0,
			"30": 0
		},
		"branchMap": {
			"0": {
				"type": "branch",
				"line": 1,
				"loc": { "start": { "line": 1, "column": 1059 }, "end": { "line": 31, "column": 2 } },
				"locations": [
					{ "start": { "line": 1, "column": 1059 }, "end": { "line": 31, "column": 2 } }
				]
			}
		},
		"b": { "0": [0] },
		"fnMap": {
			"0": {
				"name": "(empty-report)",
				"decl": { "start": { "line": 1, "column": 1059 }, "end": { "line": 31, "column": 2 } },
				"loc": { "start": { "line": 1, "column": 1059 }, "end": { "line": 31, "column": 2 } },
				"line": 1
			}
		},
		"f": { "0": 0 }
	},
	"C:\\Users\\gbfra\\Documents\\pedidosinteligentes\\src\\routes\\api\\v1\\user\\+server.ts": {
		"path": "C:\\Users\\gbfra\\Documents\\pedidosinteligentes\\src\\routes\\api\\v1\\user\\+server.ts",
		"all": true,
		"statementMap": {
			"0": { "start": { "line": 1, "column": 0 }, "end": { "line": 1, "column": 8 } },
			"6": { "start": { "line": 7, "column": 0 }, "end": { "line": 7, "column": 41 } },
			"7": { "start": { "line": 8, "column": 0 }, "end": { "line": 8, "column": 35 } },
			"8": { "start": { "line": 9, "column": 0 }, "end": { "line": 9, "column": 37 } },
			"11": { "start": { "line": 12, "column": 0 }, "end": { "line": 12, "column": 59 } },
			"12": { "start": { "line": 13, "column": 0 }, "end": { "line": 13, "column": 6 } },
			"13": { "start": { "line": 14, "column": 0 }, "end": { "line": 14, "column": 56 } },
			"14": { "start": { "line": 15, "column": 0 }, "end": { "line": 15, "column": 64 } },
			"15": { "start": { "line": 16, "column": 0 }, "end": { "line": 16, "column": 64 } },
			"17": { "start": { "line": 18, "column": 0 }, "end": { "line": 18, "column": 42 } },
			"18": { "start": { "line": 19, "column": 0 }, "end": { "line": 19, "column": 18 } },
			"19": { "start": { "line": 20, "column": 0 }, "end": { "line": 20, "column": 6 } },
			"20": { "start": { "line": 21, "column": 0 }, "end": { "line": 21, "column": 38 } },
			"21": { "start": { "line": 22, "column": 0 }, "end": { "line": 22, "column": 36 } },
			"22": { "start": { "line": 23, "column": 0 }, "end": { "line": 23, "column": 37 } },
			"23": { "start": { "line": 24, "column": 0 }, "end": { "line": 24, "column": 5 } },
			"24": { "start": { "line": 25, "column": 0 }, "end": { "line": 25, "column": 52 } },
			"25": { "start": { "line": 26, "column": 0 }, "end": { "line": 26, "column": 3 } },
			"26": { "start": { "line": 27, "column": 0 }, "end": { "line": 27, "column": 66 } },
			"27": { "start": { "line": 28, "column": 0 }, "end": { "line": 28, "column": 2 } },
			"28": { "start": { "line": 29, "column": 0 }, "end": { "line": 29, "column": 2 } }
		},
		"s": {
			"0": 0,
			"6": 0,
			"7": 0,
			"8": 0,
			"11": 0,
			"12": 0,
			"13": 0,
			"14": 0,
			"15": 0,
			"17": 0,
			"18": 0,
			"19": 0,
			"20": 0,
			"21": 0,
			"22": 0,
			"23": 0,
			"24": 0,
			"25": 0,
			"26": 0,
			"27": 0,
			"28": 0
		},
		"branchMap": {
			"0": {
				"type": "branch",
				"line": 1,
				"loc": { "start": { "line": 1, "column": 850 }, "end": { "line": 29, "column": 2 } },
				"locations": [{ "start": { "line": 1, "column": 850 }, "end": { "line": 29, "column": 2 } }]
			}
		},
		"b": { "0": [0] },
		"fnMap": {
			"0": {
				"name": "(empty-report)",
				"decl": { "start": { "line": 1, "column": 850 }, "end": { "line": 29, "column": 2 } },
				"loc": { "start": { "line": 1, "column": 850 }, "end": { "line": 29, "column": 2 } },
				"line": 1
			}
		},
		"f": { "0": 0 }
	},
	"C:\\Users\\gbfra\\Documents\\pedidosinteligentes\\src\\routes\\api\\v1\\users\\+server.ts": {
		"path": "C:\\Users\\gbfra\\Documents\\pedidosinteligentes\\src\\routes\\api\\v1\\users\\+server.ts",
		"all": true,
		"statementMap": {
			"0": { "start": { "line": 1, "column": 0 }, "end": { "line": 1, "column": 73 } },
			"1": { "start": { "line": 2, "column": 0 }, "end": { "line": 2, "column": 35 } },
			"2": { "start": { "line": 3, "column": 0 }, "end": { "line": 3, "column": 37 } },
			"5": { "start": { "line": 6, "column": 0 }, "end": { "line": 6, "column": 60 } },
			"6": { "start": { "line": 7, "column": 0 }, "end": { "line": 7, "column": 6 } },
			"7": { "start": { "line": 8, "column": 0 }, "end": { "line": 8, "column": 36 } },
			"8": { "start": { "line": 9, "column": 0 }, "end": { "line": 9, "column": 41 } },
			"9": { "start": { "line": 10, "column": 0 }, "end": { "line": 10, "column": 39 } },
			"10": { "start": { "line": 11, "column": 0 }, "end": { "line": 11, "column": 18 } },
			"11": { "start": { "line": 12, "column": 0 }, "end": { "line": 12, "column": 41 } },
			"12": { "start": { "line": 13, "column": 0 }, "end": { "line": 13, "column": 52 } },
			"13": { "start": { "line": 14, "column": 0 }, "end": { "line": 14, "column": 3 } },
			"14": { "start": { "line": 15, "column": 0 }, "end": { "line": 15, "column": 66 } },
			"15": { "start": { "line": 16, "column": 0 }, "end": { "line": 16, "column": 2 } },
			"16": { "start": { "line": 17, "column": 0 }, "end": { "line": 17, "column": 2 } }
		},
		"s": {
			"0": 0,
			"1": 0,
			"2": 0,
			"5": 0,
			"6": 0,
			"7": 0,
			"8": 0,
			"9": 0,
			"10": 0,
			"11": 0,
			"12": 0,
			"13": 0,
			"14": 0,
			"15": 0,
			"16": 0
		},
		"branchMap": {
			"0": {
				"type": "branch",
				"line": 1,
				"loc": { "start": { "line": 1, "column": 574 }, "end": { "line": 17, "column": 2 } },
				"locations": [{ "start": { "line": 1, "column": 574 }, "end": { "line": 17, "column": 2 } }]
			}
		},
		"b": { "0": [0] },
		"fnMap": {
			"0": {
				"name": "(empty-report)",
				"decl": { "start": { "line": 1, "column": 574 }, "end": { "line": 17, "column": 2 } },
				"loc": { "start": { "line": 1, "column": 574 }, "end": { "line": 17, "column": 2 } },
				"line": 1
			}
		},
		"f": { "0": 0 }
	}
}
